#
# There is insufficient memory for the Java Runtime Environment to continue.
# Native memory allocation (mmap) failed to map 216272896 bytes for committing reserved memory.
# Possible reasons:
#   The system is out of physical RAM or swap space
#   In 32 bit mode, the process size limit was hit
# Possible solutions:
#   Reduce memory load on the system
#   Increase physical memory or swap space
#   Check if swap backing store is full
#   Use 64 bit Java on a 64 bit OS
#   Decrease Java heap size (-Xmx/-Xms)
#   Decrease number of Java threads
#   Decrease Java thread stack sizes (-Xss)
#   Set larger code cache with -XX:ReservedCodeCacheSize=
# This output file may be truncated or incomplete.
#
#  Out of Memory Error (os_linux.cpp:2627), pid=6497, tid=0x00007f0b099f6700
#
# JRE version: Java(TM) SE Runtime Environment (8.0_92-b14) (build 1.8.0_92-b14)
# Java VM: Java HotSpot(TM) 64-Bit Server VM (25.92-b14 mixed mode linux-amd64 compressed oops)
# Failed to write core dump. Core dumps have been disabled. To enable core dumping, try "ulimit -c unlimited" before starting Java again
#

---------------  T H R E A D  ---------------

Current thread (0x00007f0b0407d800):  VMThread [stack: 0x00007f0b098f6000,0x00007f0b099f7000] [id=6502]

Stack: [0x00007f0b098f6000,0x00007f0b099f7000],  sp=0x00007f0b099f5350,  free space=1020k
Native frames: (J=compiled Java code, j=interpreted, Vv=VM code, C=native code)
V  [libjvm.so+0xabd65a]  VMError::report_and_die()+0x2ba
V  [libjvm.so+0x4fb4db]  report_vm_out_of_memory(char const*, int, unsigned long, VMErrorType, char const*)+0x8b
V  [libjvm.so+0x91d713]  os::Linux::commit_memory_impl(char*, unsigned long, bool)+0x103
V  [libjvm.so+0x91dc69]  os::pd_commit_memory(char*, unsigned long, unsigned long, bool)+0x29
V  [libjvm.so+0x917f6a]  os::commit_memory(char*, unsigned long, unsigned long, bool)+0x2a
V  [libjvm.so+0xab93b9]  VirtualSpace::expand_by(unsigned long, bool)+0x199
V  [libjvm.so+0x5f7e85]  OneContigSpaceCardGeneration::grow_by(unsigned long)+0x25
V  [libjvm.so+0x5f824f]  CardGeneration::expand(unsigned long, unsigned long)+0x6f
V  [libjvm.so+0x5f82fe]  OneContigSpaceCardGeneration::expand(unsigned long, unsigned long)+0x3e
V  [libjvm.so+0x5e9464]  GenCollectedHeap::do_collection(bool, bool, unsigned long, bool, int)+0x734
V  [libjvm.so+0x486a94]  GenCollectorPolicy::satisfy_failed_allocation(unsigned long, bool)+0x134
V  [libjvm.so+0xabe664]  VM_GenCollectForAllocation::doit()+0x94
V  [libjvm.so+0xac6aa5]  VM_Operation::evaluate()+0x55
V  [libjvm.so+0xac4e7a]  VMThread::evaluate_operation(VM_Operation*)+0xba
V  [libjvm.so+0xac51fe]  VMThread::loop()+0x1ce
V  [libjvm.so+0xac5670]  VMThread::run()+0x70
V  [libjvm.so+0x91fad8]  java_start(Thread*)+0x108

VM_Operation (0x00007f0b0d4bec10): GenCollectForAllocation, mode: safepoint, requested by thread 0x00007f0b04019000


---------------  P R O C E S S  ---------------

Java Threads: ( => current thread )
  0x00007f0b040c4000 JavaThread "Service Thread" daemon [_thread_blocked, id=6508, stack(0x00007f0b092f0000,0x00007f0b093f1000)]
  0x00007f0b040c1000 JavaThread "C1 CompilerThread1" daemon [_thread_blocked, id=6507, stack(0x00007f0b093f1000,0x00007f0b094f2000)]
  0x00007f0b040bf000 JavaThread "C2 CompilerThread0" daemon [_thread_blocked, id=6506, stack(0x00007f0b094f2000,0x00007f0b095f3000)]
  0x00007f0b040bd800 JavaThread "Signal Dispatcher" daemon [_thread_blocked, id=6505, stack(0x00007f0b095f3000,0x00007f0b096f4000)]
  0x00007f0b0408a000 JavaThread "Finalizer" daemon [_thread_blocked, id=6504, stack(0x00007f0b096f4000,0x00007f0b097f5000)]
  0x00007f0b04085800 JavaThread "Reference Handler" daemon [_thread_blocked, id=6503, stack(0x00007f0b097f5000,0x00007f0b098f6000)]
  0x00007f0b04019000 JavaThread "main" [_thread_blocked, id=6501, stack(0x00007f0b0d3c0000,0x00007f0b0d4c1000)]

Other Threads:
=>0x00007f0b0407d800 VMThread [stack: 0x00007f0b098f6000,0x00007f0b099f7000] [id=6502]
  0x00007f0b040c7000 WatcherThread [stack: 0x00007f0b091ef000,0x00007f0b092f0000] [id=6509]

VM state:at safepoint (normal execution)

VM Mutex/Monitor currently owned by a thread:  ([mutex/lock_event])
[0x00007f0b040169e0] Threads_lock - owner thread: 0x00007f0b0407d800
[0x00007f0b04016ee0] Heap_lock - owner thread: 0x00007f0b04019000

Heap:
 def new generation   total 129664K, used 14363K [0x00000000c0000000, 0x00000000c8cb0000, 0x00000000d5550000)
  eden space 115264K,  12% used [0x00000000c0000000, 0x00000000c0e06eb0, 0x00000000c7090000)
  from space 14400K,   0% used [0x00000000c7090000, 0x00000000c7090000, 0x00000000c7ea0000)
  to   space 14400K,   0% used [0x00000000c7ea0000, 0x00000000c7ea0000, 0x00000000c8cb0000)
 tenured generation   total 316804K, used 316804K [0x00000000d5550000, 0x00000000e8ab1000, 0x0000000100000000)
   the space 316804K, 100% used [0x00000000d5550000, 0x00000000e8ab1000, 0x00000000e8ab1000, 0x00000000e8ab1000)
 Metaspace       used 8685K, capacity 8804K, committed 9088K, reserved 1056768K
  class space    used 994K, capacity 1040K, committed 1152K, reserved 1048576K

Card table byte_map: [0x00007f0b0a59c000,0x00007f0b0a79d000] byte_map_base: 0x00007f0b09f9c000

Polling page: 0x00007f0b0d4ce000

CodeCache: size=245760Kb used=6463Kb max_used=6563Kb free=239296Kb
 bounds [0x00007f0af5000000, 0x00007f0af5670000, 0x00007f0b04000000]
 total_blobs=1547 nmethods=1251 adapters=211
 compilation: enabled

Compilation events (10 events):
Event: 9.088 Thread 0x00007f0b040c1000 1329   !   3       java.io.FileInputStream::close (62 bytes)
Event: 9.095 Thread 0x00007f0b040c1000 nmethod 1329 0x00007f0af5162310 code [0x00007f0af51624c0, 0x00007f0af5162b30]
Event: 9.237 Thread 0x00007f0b040bf000 1330       4       com.sun.tools.javac.parser.JavaTokenizer::scanDigits (123 bytes)
Event: 9.243 Thread 0x00007f0b040bf000 nmethod 1330 0x00007f0af51330d0 code [0x00007f0af5133260, 0x00007f0af5133688]
Event: 9.289 Thread 0x00007f0b040c1000 1331       3       com.sun.tools.javac.parser.JavacParser::importDeclaration (193 bytes)
Event: 9.290 Thread 0x00007f0b040c1000 nmethod 1331 0x00007f0af5256290 code [0x00007f0af5256660, 0x00007f0af5258270]
Event: 9.302 Thread 0x00007f0b040bf000 1332       4       com.sun.tools.javac.parser.JavacParser::typeArgument (395 bytes)
Event: 9.351 Thread 0x00007f0b040bf000 nmethod 1332 0x00007f0af514e950 code [0x00007f0af514f0e0, 0x00007f0af5151950]
Event: 9.377 Thread 0x00007f0b040bf000 1333       4       java.lang.Integer::parseInt (261 bytes)
Event: 9.382 Thread 0x00007f0b040bf000 nmethod 1333 0x00007f0af5654fd0 code [0x00007f0af5655160, 0x00007f0af5655758]

GC Heap History (10 events):
Event: 7.326 GC heap after
Heap after GC invocations=13 (full 1):
 def new generation   total 71680K, used 7936K [0x00000000c0000000, 0x00000000c4dc0000, 0x00000000d5550000)
  eden space 63744K,   0% used [0x00000000c0000000, 0x00000000c0000000, 0x00000000c3e40000)
  from space 7936K, 100% used [0x00000000c4600000, 0x00000000c4dc0000, 0x00000000c4dc0000)
  to   space 7936K,   0% used [0x00000000c3e40000, 0x00000000c3e40000, 0x00000000c4600000)
 tenured generation   total 159188K, used 152039K [0x00000000d5550000, 0x00000000df0c5000, 0x0000000100000000)
   the space 159188K,  95% used [0x00000000d5550000, 0x00000000de9c9f98, 0x00000000de9ca000, 0x00000000df0c5000)
 Metaspace       used 8681K, capacity 8804K, committed 9088K, reserved 1056768K
  class space    used 993K, capacity 1040K, committed 1152K, reserved 1048576K
}
Event: 7.543 GC heap before
{Heap before GC invocations=13 (full 1):
 def new generation   total 71680K, used 71680K [0x00000000c0000000, 0x00000000c4dc0000, 0x00000000d5550000)
  eden space 63744K, 100% used [0x00000000c0000000, 0x00000000c3e40000, 0x00000000c3e40000)
  from space 7936K, 100% used [0x00000000c4600000, 0x00000000c4dc0000, 0x00000000c4dc0000)
  to   space 7936K,   0% used [0x00000000c3e40000, 0x00000000c3e40000, 0x00000000c4600000)
 tenured generation   total 159188K, used 152039K [0x00000000d5550000, 0x00000000df0c5000, 0x0000000100000000)
   the space 159188K,  95% used [0x00000000d5550000, 0x00000000de9c9f98, 0x00000000de9ca000, 0x00000000df0c5000)
 Metaspace       used 8681K, capacity 8804K, committed 9088K, reserved 1056768K
  class space    used 993K, capacity 1040K, committed 1152K, reserved 1048576K
Event: 7.926 GC heap after
Heap after GC invocations=14 (full 2):
 def new generation   total 129664K, used 7911K [0x00000000c0000000, 0x00000000c8cb0000, 0x00000000d5550000)
  eden space 115264K,   6% used [0x00000000c0000000, 0x00000000c07b9c78, 0x00000000c7090000)
  from space 14400K,   0% used [0x00000000c7090000, 0x00000000c7090000, 0x00000000c7ea0000)
  to   space 14400K,   0% used [0x00000000c7ea0000, 0x00000000c7ea0000, 0x00000000c8cb0000)
 tenured generation   total 288080K, used 172847K [0x00000000d5550000, 0x00000000e6ea4000, 0x0000000100000000)
   the space 288080K,  59% used [0x00000000d5550000, 0x00000000dfe1bfe8, 0x00000000dfe1c000, 0x00000000e6ea4000)
 Metaspace       used 8681K, capacity 8804K, committed 9088K, reserved 1056768K
  class space    used 993K, capacity 1040K, committed 1152K, reserved 1048576K
}
Event: 8.103 GC heap before
{Heap before GC invocations=14 (full 2):
 def new generation   total 129664K, used 115264K [0x00000000c0000000, 0x00000000c8cb0000, 0x00000000d5550000)
  eden space 115264K, 100% used [0x00000000c0000000, 0x00000000c7090000, 0x00000000c7090000)
  from space 14400K,   0% used [0x00000000c7090000, 0x00000000c7090000, 0x00000000c7ea0000)
  to   space 14400K,   0% used [0x00000000c7ea0000, 0x00000000c7ea0000, 0x00000000c8cb0000)
 tenured generation   total 288080K, used 172847K [0x00000000d5550000, 0x00000000e6ea4000, 0x0000000100000000)
   the space 288080K,  59% used [0x00000000d5550000, 0x00000000dfe1bfe8, 0x00000000dfe1c000, 0x00000000e6ea4000)
 Metaspace       used 8684K, capacity 8804K, committed 9088K, reserved 1056768K
  class space    used 994K, capacity 1040K, committed 1152K, reserved 1048576K
Event: 8.369 GC heap after
Heap after GC invocations=15 (full 2):
 def new generation   total 129664K, used 14400K [0x00000000c0000000, 0x00000000c8cb0000, 0x00000000d5550000)
  eden space 115264K,   0% used [0x00000000c0000000, 0x00000000c0000000, 0x00000000c7090000)
  from space 14400K, 100% used [0x00000000c7ea0000, 0x00000000c8cb0000, 0x00000000c8cb0000)
  to   space 14400K,   0% used [0x00000000c7090000, 0x00000000c7090000, 0x00000000c7ea0000)
 tenured generation   total 288080K, used 203907K [0x00000000d5550000, 0x00000000e6ea4000, 0x0000000100000000)
   the space 288080K,  70% used [0x00000000d5550000, 0x00000000e1c70db8, 0x00000000e1c70e00, 0x00000000e6ea4000)
 Metaspace       used 8684K, capacity 8804K, committed 9088K, reserved 1056768K
  class space    used 994K, capacity 1040K, committed 1152K, reserved 1048576K
}
Event: 8.549 GC heap before
{Heap before GC invocations=15 (full 2):
 def new generation   total 129664K, used 129664K [0x00000000c0000000, 0x00000000c8cb0000, 0x00000000d5550000)
  eden space 115264K, 100% used [0x00000000c0000000, 0x00000000c7090000, 0x00000000c7090000)
  from space 14400K, 100% used [0x00000000c7ea0000, 0x00000000c8cb0000, 0x00000000c8cb0000)
  to   space 14400K,   0% used [0x00000000c7090000, 0x00000000c7090000, 0x00000000c7ea0000)
 tenured generation   total 288080K, used 203907K [0x00000000d5550000, 0x00000000e6ea4000, 0x0000000100000000)
   the space 288080K,  70% used [0x00000000d5550000, 0x00000000e1c70db8, 0x00000000e1c70e00, 0x00000000e6ea4000)
 Metaspace       used 8684K, capacity 8804K, committed 9088K, reserved 1056768K
  class space    used 994K, capacity 1040K, committed 1152K, reserved 1048576K
Event: 8.647 GC heap after
Heap after GC invocations=16 (full 2):
 def new generation   total 129664K, used 14400K [0x00000000c0000000, 0x00000000c8cb0000, 0x00000000d5550000)
  eden space 115264K,   0% used [0x00000000c0000000, 0x00000000c0000000, 0x00000000c7090000)
  from space 14400K, 100% used [0x00000000c7090000, 0x00000000c7ea0000, 0x00000000c7ea0000)
  to   space 14400K,   0% used [0x00000000c7ea0000, 0x00000000c7ea0000, 0x00000000c8cb0000)
 tenured generation   total 288080K, used 242806K [0x00000000d5550000, 0x00000000e6ea4000, 0x0000000100000000)
   the space 288080K,  84% used [0x00000000d5550000, 0x00000000e426d958, 0x00000000e426da00, 0x00000000e6ea4000)
 Metaspace       used 8684K, capacity 8804K, committed 9088K, reserved 1056768K
  class space    used 994K, capacity 1040K, committed 1152K, reserved 1048576K
}
Event: 8.922 GC heap before
{Heap before GC invocations=16 (full 2):
 def new generation   total 129664K, used 129664K [0x00000000c0000000, 0x00000000c8cb0000, 0x00000000d5550000)
  eden space 115264K, 100% used [0x00000000c0000000, 0x00000000c7090000, 0x00000000c7090000)
  from space 14400K, 100% used [0x00000000c7090000, 0x00000000c7ea0000, 0x00000000c7ea0000)
  to   space 14400K,   0% used [0x00000000c7ea0000, 0x00000000c7ea0000, 0x00000000c8cb0000)
 tenured generation   total 288080K, used 242806K [0x00000000d5550000, 0x00000000e6ea4000, 0x0000000100000000)
   the space 288080K,  84% used [0x00000000d5550000, 0x00000000e426d958, 0x00000000e426da00, 0x00000000e6ea4000)
 Metaspace       used 8685K, capacity 8804K, committed 9088K, reserved 1056768K
  class space    used 994K, capacity 1040K, committed 1152K, reserved 1048576K
Event: 9.075 GC heap after
Heap after GC invocations=17 (full 2):
 def new generation   total 129664K, used 14400K [0x00000000c0000000, 0x00000000c8cb0000, 0x00000000d5550000)
  eden space 115264K,   0% used [0x00000000c0000000, 0x00000000c0000000, 0x00000000c7090000)
  from space 14400K, 100% used [0x00000000c7ea0000, 0x00000000c8cb0000, 0x00000000c8cb0000)
  to   space 14400K,   0% used [0x00000000c7090000, 0x00000000c7090000, 0x00000000c7ea0000)
 tenured generation   total 288080K, used 280470K [0x00000000d5550000, 0x00000000e6ea4000, 0x0000000100000000)
   the space 288080K,  97% used [0x00000000d5550000, 0x00000000e6735ba8, 0x00000000e6735c00, 0x00000000e6ea4000)
 Metaspace       used 8685K, capacity 8804K, committed 9088K, reserved 1056768K
  class space    used 994K, capacity 1040K, committed 1152K, reserved 1048576K
}
Event: 9.429 GC heap before
{Heap before GC invocations=17 (full 2):
 def new generation   total 129664K, used 129664K [0x00000000c0000000, 0x00000000c8cb0000, 0x00000000d5550000)
  eden space 115264K, 100% used [0x00000000c0000000, 0x00000000c7090000, 0x00000000c7090000)
  from space 14400K, 100% used [0x00000000c7ea0000, 0x00000000c8cb0000, 0x00000000c8cb0000)
  to   space 14400K,   0% used [0x00000000c7090000, 0x00000000c7090000, 0x00000000c7ea0000)
 tenured generation   total 288080K, used 280470K [0x00000000d5550000, 0x00000000e6ea4000, 0x0000000100000000)
   the space 288080K,  97% used [0x00000000d5550000, 0x00000000e6735ba8, 0x00000000e6735c00, 0x00000000e6ea4000)
 Metaspace       used 8685K, capacity 8804K, committed 9088K, reserved 1056768K
  class space    used 994K, capacity 1040K, committed 1152K, reserved 1048576K

Deoptimization events (10 events):
Event: 3.139 Thread 0x00007f0b04019000 Uncommon trap: reason=unstable_if action=reinterpret pc=0x00007f0af53d4300 method=com.sun.tools.javac.util.Position$LineMapImpl.build([CI)V @ 35
Event: 3.139 Thread 0x00007f0b04019000 Uncommon trap: reason=unstable_if action=reinterpret pc=0x00007f0af53d21f8 method=com.sun.tools.javac.util.Position$LineMapImpl.build([CI)V @ 35
Event: 3.141 Thread 0x00007f0b04019000 Uncommon trap: reason=unstable_if action=reinterpret pc=0x00007f0af53cc4a0 method=com.sun.tools.javac.parser.JavaTokenizer.readToken()Lcom/sun/tools/javac/parser/Tokens$Token; @ 1267
Event: 3.290 Thread 0x00007f0b04019000 Uncommon trap: reason=unstable_if action=reinterpret pc=0x00007f0af53d299c method=com.sun.tools.javac.parser.UnicodeReader.scanCommentChar()V @ 10
Event: 4.194 Thread 0x00007f0b04019000 Uncommon trap: reason=unstable_if action=reinterpret pc=0x00007f0af53c1d38 method=com.sun.tools.javac.util.ArrayUtils.ensureCapacity([BI)[B @ 3
Event: 5.509 Thread 0x00007f0b04019000 Uncommon trap: reason=unstable_if action=reinterpret pc=0x00007f0af52ec3c0 method=sun.nio.cs.UTF_8$Decoder.decodeArrayLoop(Ljava/nio/ByteBuffer;Ljava/nio/CharBuffer;)Ljava/nio/charset/CoderResult; @ 84
Event: 5.756 Thread 0x00007f0b04019000 Uncommon trap: reason=unstable_if action=reinterpret pc=0x00007f0af549202c method=com.sun.tools.javac.parser.UnicodeReader.scanCommentChar()V @ 10
Event: 6.612 Thread 0x00007f0b04019000 Uncommon trap: reason=unstable_if action=reinterpret pc=0x00007f0af554509c method=com.sun.tools.javac.parser.JavacParser.parseStatement()Lcom/sun/tools/javac/tree/JCTree$JCStatement; @ 277
Event: 8.765 Thread 0x00007f0b04019000 Uncommon trap: reason=unstable_if action=reinterpret pc=0x00007f0af5562450 method=com.sun.tools.javac.parser.JavacParser.variableDeclaratorsRest(ILcom/sun/tools/javac/tree/JCTree$JCModifiers;Lcom/sun/tools/javac/tree/JCTree$JCExpression;Lcom/sun/tools/jav
Event: 9.271 Thread 0x00007f0b04019000 Uncommon trap: reason=unstable_if action=reinterpret pc=0x00007f0af5216070 method=com.sun.tools.javac.parser.JavacParser.importDeclaration()Lcom/sun/tools/javac/tree/JCTree; @ 24

Internal exceptions (10 events):
Event: 2.045 Thread 0x00007f0b04019000 Exception <a 'java/security/PrivilegedActionException'> (0x00000000c1329b38) thrown at [/HUDSON/workspace/8-2-build-linux-amd64/jdk8u92/6642/hotspot/src/share/vm/prims/jvm.cpp, line 1386]
Event: 2.045 Thread 0x00007f0b04019000 Exception <a 'java/security/PrivilegedActionException'> (0x00000000c1329d48) thrown at [/HUDSON/workspace/8-2-build-linux-amd64/jdk8u92/6642/hotspot/src/share/vm/prims/jvm.cpp, line 1386]
Event: 2.045 Thread 0x00007f0b04019000 Exception <a 'java/security/PrivilegedActionException'> (0x00000000c132ada8) thrown at [/HUDSON/workspace/8-2-build-linux-amd64/jdk8u92/6642/hotspot/src/share/vm/prims/jvm.cpp, line 1386]
Event: 2.045 Thread 0x00007f0b04019000 Exception <a 'java/security/PrivilegedActionException'> (0x00000000c132afb8) thrown at [/HUDSON/workspace/8-2-build-linux-amd64/jdk8u92/6642/hotspot/src/share/vm/prims/jvm.cpp, line 1386]
Event: 2.045 Thread 0x00007f0b04019000 Exception <a 'java/security/PrivilegedActionException'> (0x00000000c132bfc0) thrown at [/HUDSON/workspace/8-2-build-linux-amd64/jdk8u92/6642/hotspot/src/share/vm/prims/jvm.cpp, line 1386]
Event: 2.045 Thread 0x00007f0b04019000 Exception <a 'java/security/PrivilegedActionException'> (0x00000000c132c1d0) thrown at [/HUDSON/workspace/8-2-build-linux-amd64/jdk8u92/6642/hotspot/src/share/vm/prims/jvm.cpp, line 1386]
Event: 2.045 Thread 0x00007f0b04019000 Exception <a 'java/security/PrivilegedActionException'> (0x00000000c132d1d8) thrown at [/HUDSON/workspace/8-2-build-linux-amd64/jdk8u92/6642/hotspot/src/share/vm/prims/jvm.cpp, line 1386]
Event: 2.045 Thread 0x00007f0b04019000 Exception <a 'java/security/PrivilegedActionException'> (0x00000000c132d3e8) thrown at [/HUDSON/workspace/8-2-build-linux-amd64/jdk8u92/6642/hotspot/src/share/vm/prims/jvm.cpp, line 1386]
Event: 2.118 Thread 0x00007f0b04019000 Exception <a 'java/security/PrivilegedActionException'> (0x00000000c149f518) thrown at [/HUDSON/workspace/8-2-build-linux-amd64/jdk8u92/6642/hotspot/src/share/vm/prims/jvm.cpp, line 1386]
Event: 2.118 Thread 0x00007f0b04019000 Exception <a 'java/security/PrivilegedActionException'> (0x00000000c149f728) thrown at [/HUDSON/workspace/8-2-build-linux-amd64/jdk8u92/6642/hotspot/src/share/vm/prims/jvm.cpp, line 1386]

Events (10 events):
Event: 8.653 Executing VM operation: GenCollectForAllocation done
Event: 8.754 Thread 0x00007f0b04019000 Uncommon trap: trap_request=0xffffff65 fr.pc=0x00007f0af5562450
Event: 8.765 Thread 0x00007f0b04019000 DEOPT PACKING pc=0x00007f0af5562450 sp=0x00007f0b0d4be8b0
Event: 8.765 Thread 0x00007f0b04019000 DEOPT UNPACKING pc=0x00007f0af5004f69 sp=0x00007f0b0d4be850 mode 2
Event: 8.922 Executing VM operation: GenCollectForAllocation
Event: 9.082 Executing VM operation: GenCollectForAllocation done
Event: 9.271 Thread 0x00007f0b04019000 Uncommon trap: trap_request=0xffffff65 fr.pc=0x00007f0af5216070
Event: 9.271 Thread 0x00007f0b04019000 DEOPT PACKING pc=0x00007f0af5216070 sp=0x00007f0b0d4bf090
Event: 9.271 Thread 0x00007f0b04019000 DEOPT UNPACKING pc=0x00007f0af5004f69 sp=0x00007f0b0d4bf068 mode 2
Event: 9.429 Executing VM operation: GenCollectForAllocation


Dynamic libraries:
00400000-00401000 r-xp 00000000 fd:00 52365802                           /usr/java/jdk1.8.0_92/bin/javac
00600000-00601000 rw-p 00000000 fd:00 52365802                           /usr/java/jdk1.8.0_92/bin/javac
01f00000-01f21000 rw-p 00000000 00:00 0                                  [heap]
c0000000-c8cb0000 rw-p 00000000 00:00 0 
c8cb0000-d5550000 ---p 00000000 00:00 0 
d5550000-e8ab1000 rw-p 00000000 00:00 0 
f58f2000-100000000 ---p 00000000 00:00 0 
100000000-100120000 rw-p 00000000 00:00 0 
100120000-140000000 ---p 00000000 00:00 0 
7f0acc000000-7f0acc021000 rw-p 00000000 00:00 0 
7f0acc021000-7f0ad0000000 ---p 00000000 00:00 0 
7f0ad4000000-7f0ad4ec5000 rw-p 00000000 00:00 0 
7f0ad4ec5000-7f0ad8000000 ---p 00000000 00:00 0 
7f0ad8000000-7f0ad86b7000 rw-p 00000000 00:00 0 
7f0ad86b7000-7f0adc000000 ---p 00000000 00:00 0 
7f0adc000000-7f0adc021000 rw-p 00000000 00:00 0 
7f0adc021000-7f0ae0000000 ---p 00000000 00:00 0 
7f0ae1ad7000-7f0ae8000000 r--p 00000000 fd:00 201002                     /usr/lib/locale/locale-archive
7f0ae8000000-7f0ae8021000 rw-p 00000000 00:00 0 
7f0ae8021000-7f0aec000000 ---p 00000000 00:00 0 
7f0aec000000-7f0aec021000 rw-p 00000000 00:00 0 
7f0aec021000-7f0af0000000 ---p 00000000 00:00 0 
7f0af0000000-7f0af0cb9000 rw-p 00000000 00:00 0 
7f0af0cb9000-7f0af4000000 ---p 00000000 00:00 0 
7f0af5000000-7f0af5670000 rwxp 00000000 00:00 0 
7f0af5670000-7f0b04000000 ---p 00000000 00:00 0 
7f0b04000000-7f0b052db000 rw-p 00000000 00:00 0 
7f0b052db000-7f0b08000000 ---p 00000000 00:00 0 
7f0b0857f000-7f0b08580000 rw-p 00000000 00:00 0 
7f0b08580000-7f0b08582000 r--s 00008000 fd:00 54709859                   /usr/java/apache-tomcat-7.0.73/bin/tomcat-juli.jar
7f0b08582000-7f0b08583000 r--s 00005000 fd:00 54709853                   /usr/java/apache-tomcat-7.0.73/bin/commons-daemon.jar
7f0b08583000-7f0b08584000 r--s 00006000 fd:00 54709849                   /usr/java/apache-tomcat-7.0.73/bin/bootstrap.jar
7f0b08584000-7f0b08586000 r--s 00007000 fd:00 20208129                   /usr/java/apache-tomcat-7.0.73/lib/websocket-api.jar
7f0b08586000-7f0b0858b000 r--s 00031000 fd:00 20208128                   /usr/java/apache-tomcat-7.0.73/lib/tomcat7-websocket.jar
7f0b0858b000-7f0b0858d000 r--s 00007000 fd:00 20208127                   /usr/java/apache-tomcat-7.0.73/lib/tomcat-util.jar
7f0b0858d000-7f0b08590000 r--s 0001e000 fd:00 20208126                   /usr/java/apache-tomcat-7.0.73/lib/tomcat-jdbc.jar
7f0b08590000-7f0b08592000 r--s 0000a000 fd:00 20208125                   /usr/java/apache-tomcat-7.0.73/lib/tomcat-i18n-ja.jar
7f0b08592000-7f0b08593000 r--s 0000a000 fd:00 20208124                   /usr/java/apache-tomcat-7.0.73/lib/tomcat-i18n-fr.jar
7f0b08593000-7f0b08595000 r--s 00010000 fd:00 20208123                   /usr/java/apache-tomcat-7.0.73/lib/tomcat-i18n-es.jar
7f0b08595000-7f0b08599000 r--s 00036000 fd:00 20208122                   /usr/java/apache-tomcat-7.0.73/lib/tomcat-dbcp.jar
7f0b08599000-7f0b085a5000 r--s 000b6000 fd:00 20208121                   /usr/java/apache-tomcat-7.0.73/lib/tomcat-coyote.jar
7f0b085a5000-7f0b085a6000 r--s 00001000 fd:00 20208120                   /usr/java/apache-tomcat-7.0.73/lib/tomcat-api.jar
7f0b085a6000-7f0b085a9000 r--s 0002e000 fd:00 20208119                   /usr/java/apache-tomcat-7.0.73/lib/servlet-api.jar
7f0b085a9000-7f0b085ac000 r--s 00013000 fd:00 20208118                   /usr/java/apache-tomcat-7.0.73/lib/jsp-api.jar
7f0b085ac000-7f0b085b3000 r--s 0008c000 fd:00 20208117                   /usr/java/apache-tomcat-7.0.73/lib/jasper.jar
7f0b085b3000-7f0b085b6000 r--s 0001c000 fd:00 20208116                   /usr/java/apache-tomcat-7.0.73/lib/jasper-el.jar
7f0b085b6000-7f0b085b8000 r--s 0000c000 fd:00 20208115                   /usr/java/apache-tomcat-7.0.73/lib/el-api.jar
7f0b085b8000-7f0b085ca000 r--s 00223000 fd:00 20208114                   /usr/java/apache-tomcat-7.0.73/lib/ecj-4.4.2.jar
7f0b085ca000-7f0b085dd000 r--s 00185000 fd:00 20208113                   /usr/java/apache-tomcat-7.0.73/lib/catalina.jar
7f0b085dd000-7f0b085e2000 r--s 0003d000 fd:00 20208112                   /usr/java/apache-tomcat-7.0.73/lib/catalina-tribes.jar
7f0b085e2000-7f0b085e4000 r--s 0001e000 fd:00 20208111                   /usr/java/apache-tomcat-7.0.73/lib/catalina-ha.jar
7f0b085e4000-7f0b085e6000 r--s 0000c000 fd:00 20208110                   /usr/java/apache-tomcat-7.0.73/lib/catalina-ant.jar
7f0b085e6000-7f0b085e7000 r--s 00003000 fd:00 20208109                   /usr/java/apache-tomcat-7.0.73/lib/annotations-api.jar
7f0b085e7000-7f0b085e8000 r--s 00001000 fd:00 67420428                   /opt/oscarhost/source/oscar_15/target/oscar-14.0.0-SNAPSHOT/WEB-INF/lib/datasource-jdk7-1.0.jar
7f0b085e8000-7f0b085e9000 r--s 00001000 fd:00 67420427                   /opt/oscarhost/source/oscar_15/target/oscar-14.0.0-SNAPSHOT/WEB-INF/lib/simpleclient_common-0.1.0.jar
7f0b085e9000-7f0b085ea000 r--s 00001000 fd:00 67420426                   /opt/oscarhost/source/oscar_15/target/oscar-14.0.0-SNAPSHOT/WEB-INF/lib/simpleclient_servlet-0.1.0.jar
7f0b085ea000-7f0b085ec000 r--s 0000d000 fd:00 67420425                   /opt/oscarhost/source/oscar_15/target/oscar-14.0.0-SNAPSHOT/WEB-INF/lib/simpleclient-0.1.0.jar
7f0b085ec000-7f0b085ee000 r--s 00007000 fd:00 67420424                   /opt/oscarhost/source/oscar_15/target/oscar-14.0.0-SNAPSHOT/WEB-INF/lib/jackson-module-jaxb-annotations-2.8.8.jar
7f0b085ee000-7f0b085f1000 r--s 0000b000 fd:00 67420423                   /opt/oscarhost/source/oscar_15/target/oscar-14.0.0-SNAPSHOT/WEB-INF/lib/jackson-annotations-2.8.0.jar
7f0b085f1000-7f0b08603000 r--s 0011d000 fd:00 67420422                   /opt/oscarhost/source/oscar_15/target/oscar-14.0.0-SNAPSHOT/WEB-INF/lib/jackson-databind-2.8.8.jar
7f0b08603000-7f0b08606000 r--s 00042000 fd:00 67420421                   /opt/oscarhost/source/oscar_15/target/oscar-14.0.0-SNAPSHOT/WEB-INF/lib/jackson-core-2.8.8.jar
7f0b08606000-7f0b08607000 r--s 00007000 fd:00 67420420                   /opt/oscarhost/source/oscar_15/target/oscar-14.0.0-SNAPSHOT/WEB-INF/lib/jackson-jaxrs-base-2.8.8.jar
7f0b08607000-7f0b08608000 r--s 00003000 fd:00 67420419                   /opt/oscarhost/source/oscar_15/target/oscar-14.0.0-SNAPSHOT/WEB-INF/lib/jackson-jaxrs-json-provider-2.8.8.jar
7f0b08608000-7f0b08616000 r--s 000ad000 fd:00 67420418                   /opt/oscarhost/source/oscar_15/target/oscar-14.0.0-SNAPSHOT/WEB-INF/lib/jackson-mapper-asl-1.9.0.jar
7f0b08616000-7f0b0861a000 r--s 00034000 fd:00 67420417                   /opt/oscarhost/source/oscar_15/target/oscar-14.0.0-SNAPSHOT/WEB-INF/lib/jackson-core-asl-1.9.0.jar
7f0b0861a000-7f0b0861b000 r--s 00004000 fd:00 67420416                   /opt/oscarhost/source/oscar_15/target/oscar-14.0.0-SNAPSHOT/WEB-INF/lib/jackson-jaxrs-1.9.0.jar
7f0b0861b000-7f0b0861d000 r--s 00007000 fd:00 67420415                   /opt/oscarhost/source/oscar_15/target/oscar-14.0.0-SNAPSHOT/WEB-INF/lib/hcv-stubs-0.0.1-SNAPSHOT.jar
7f0b0861d000-7f0b0861f000 r--s 0000c000 fd:00 67420414                   /opt/oscarhost/source/oscar_15/target/oscar-14.0.0-SNAPSHOT/WEB-INF/lib/edt-stubs-0.0.1-SNAPSHOT.jar
7f0b0861f000-7f0b0862c000 r--s 00090000 fd:00 67420413                   /opt/oscarhost/source/oscar_15/target/oscar-14.0.0-SNAPSHOT/WEB-INF/lib/xmlsec-1.5.6.jar
7f0b0862c000-7f0b0862e000 r--s 00011000 fd:00 67420412                   /opt/oscarhost/source/oscar_15/target/oscar-14.0.0-SNAPSHOT/WEB-INF/lib/ebs-client-0.0.5.jar
7f0b0862e000-7f0b08631000 r--s 00023000 fd:00 67420411                   /opt/oscarhost/source/oscar_15/target/oscar-14.0.0-SNAPSHOT/WEB-INF/lib/jdom-1.0.jar
7f0b08631000-7f0b08635000 r--s 00032000 fd:00 67420410                   /opt/oscarhost/source/oscar_15/target/oscar-14.0.0-SNAPSHOT/WEB-INF/lib/rome-1.0.jar
7f0b08635000-7f0b08636000 r--s 00001000 fd:00 67420409                   /opt/oscarhost/source/oscar_15/target/oscar-14.0.0-SNAPSHOT/WEB-INF/lib/cbi_ws_client-1.1.jar
7f0b08636000-7f0b08638000 r--s 00015000 fd:00 67420408                   /opt/oscarhost/source/oscar_15/target/oscar-14.0.0-SNAPSHOT/WEB-INF/lib/tagsoup-1.2.1.jar
7f0b08638000-7f0b0863f000 r--s 00072000 fd:00 67420407                   /opt/oscarhost/source/oscar_15/target/oscar-14.0.0-SNAPSHOT/WEB-INF/lib/tika-core-1.5.jar
7f0b0863f000-7f0b08648000 r--s 00098000 fd:00 67420406                   /opt/oscarhost/source/oscar_15/target/oscar-14.0.0-SNAPSHOT/WEB-INF/lib/javassist-3.16.1-GA.jar
7f0b08648000-7f0b0864b000 r--s 0001b000 fd:00 67420405                   /opt/oscarhost/source/oscar_15/target/oscar-14.0.0-SNAPSHOT/WEB-INF/lib/reflections-0.9.9-RC1.jar
7f0b0864b000-7f0b08656000 r--s 0036a000 fd:00 67420404                   /opt/oscarhost/source/oscar_15/target/oscar-14.0.0-SNAPSHOT/WEB-INF/lib/shic-cda-1.0.8.jar
7f0b08656000-7f0b0866c000 r--s 0013a000 fd:00 67420403                   /opt/oscarhost/source/oscar_15/target/oscar-14.0.0-SNAPSHOT/WEB-INF/lib/shic-svs-1.0.8.jar
7f0b0866c000-7f0b08688000 r--s 001f1000 fd:00 67420402                   /opt/oscarhost/source/oscar_15/target/oscar-14.0.0-SNAPSHOT/WEB-INF/lib/hapi-structures-v251-1.0.1.jar
7f0b08688000-7f0b0869d000 r--s 00188000 fd:00 67420401                   /opt/oscarhost/source/oscar_15/target/oscar-14.0.0-SNAPSHOT/WEB-INF/lib/hapi-structures-v24-1.0.1.jar
7f0b0869d000-7f0b086a1000 r--s 00031000 fd:00 67420400                   /opt/oscarhost/source/oscar_15/target/oscar-14.0.0-SNAPSHOT/WEB-INF/lib/hapi-structures-v21-1.0.1.jar
7f0b086a1000-7f0b086a2000 r--s 00009000 fd:00 67420399                   /opt/oscarhost/source/oscar_15/target/oscar-14.0.0-SNAPSHOT/WEB-INF/lib/hapi-examples-1.0.1.jar
7f0b086a2000-7f0b086a3000 r--s 0000b000 fd:00 67420398                   /opt/oscarhost/source/oscar_15/target/oscar-14.0.0-SNAPSHOT/WEB-INF/lib/shic-pix-1.0.8.jar
7f0b086a3000-7f0b086a5000 r--s 00009000 fd:00 67420397                   /opt/oscarhost/source/oscar_15/target/oscar-14.0.0-SNAPSHOT/WEB-INF/lib/shic-atna-1.0.8.jar
7f0b086a5000-7f0b086a6000 r--s 00002000 fd:00 67420396                   /opt/oscarhost/source/oscar_15/target/oscar-14.0.0-SNAPSHOT/WEB-INF/lib/slf4j-simple-1.7.6.jar
7f0b086a6000-7f0b086a9000 r--s 00041000 fd:00 67420395                   /opt/oscarhost/source/oscar_15/target/oscar-14.0.0-SNAPSHOT/WEB-INF/lib/serializer-2.7.1.jar
7f0b086a9000-7f0b086af000 r--s 00054000 fd:00 67420394                   /opt/oscarhost/source/oscar_15/target/oscar-14.0.0-SNAPSHOT/WEB-INF/lib/esapi-2.0.1.jar
7f0b086af000-7f0b086d9000 r--s 00130000 fd:00 67420393                   /opt/oscarhost/source/oscar_15/target/oscar-14.0.0-SNAPSHOT/WEB-INF/lib/opensaml-2.6.1.jar
7f0b086d9000-7f0b086fd000 r--s 001db000 fd:00 67420392                   /opt/oscarhost/source/oscar_15/target/oscar-14.0.0-SNAPSHOT/WEB-INF/lib/shic-xds-1.0.8.jar
7f0b086fd000-7f0b08701000 r--s 0001d000 fd:00 67420391                   /opt/oscarhost/source/oscar_15/target/oscar-14.0.0-SNAPSHOT/WEB-INF/lib/shic-core-1.0.8.jar
7f0b08701000-7f0b08704000 r--s 0001c000 fd:00 67420390                   /opt/oscarhost/source/oscar_15/target/oscar-14.0.0-SNAPSHOT/WEB-INF/lib/everest-formatters-xml-dt-r1-1.1.0.jar
7f0b08704000-7f0b08705000 r--s 00006000 fd:00 67420389                   /opt/oscarhost/source/oscar_15/target/oscar-14.0.0-SNAPSHOT/WEB-INF/lib/everest-formatters-xml-its1-1.1.0.jar
7f0b08705000-7f0b0870d000 r--s 00068000 fd:00 67420388                   /opt/oscarhost/source/oscar_15/target/oscar-14.0.0-SNAPSHOT/WEB-INF/lib/everest-rmim-uv-cdar2-1.1.0.jar
7f0b0870d000-7f0b08753000 r--s 00594000 fd:00 67420387                   /opt/oscarhost/source/oscar_15/target/oscar-14.0.0-SNAPSHOT/WEB-INF/lib/everest-rmim-ca-r02-04-03-1.1.0.jar
7f0b08753000-7f0b0875a000 r--s 00041000 fd:00 67420386                   /opt/oscarhost/source/oscar_15/target/oscar-14.0.0-SNAPSHOT/WEB-INF/lib/everest-core-1.1.0.jar
7f0b0875a000-7f0b08772000 r--s 00072000 fd:00 67420385                   /opt/oscarhost/source/oscar_15/target/oscar-14.0.0-SNAPSHOT/WEB-INF/lib/myoscar_server_client_stubs2-2014.10.24.jar
7f0b08772000-7f0b08780000 r--s 0008f000 fd:00 67420384                   /opt/oscarhost/source/oscar_15/target/oscar-14.0.0-SNAPSHOT/WEB-INF/lib/google-collections-1.0.jar
7f0b08780000-7f0b0878f000 r--s 0008b000 fd:00 67401247                   /opt/oscarhost/source/oscar_15/target/oscar-14.0.0-SNAPSHOT/WEB-INF/lib/checkstyle-5.3.jar
7f0b0878f000-7f0b08791000 r--s 0001b000 fd:00 67401246                   /opt/oscarhost/source/oscar_15/target/oscar-14.0.0-SNAPSHOT/WEB-INF/lib/util-2013.07.17.jar
7f0b08791000-7f0b08793000 r--s 00002000 fd:00 67401245                   /opt/oscarhost/source/oscar_15/target/oscar-14.0.0-SNAPSHOT/WEB-INF/lib/myoscar_client_server_commons-2013.07.18.jar
7f0b08793000-7f0b087a0000 r--s 00044000 fd:00 67401244                   /opt/oscarhost/source/oscar_15/target/oscar-14.0.0-SNAPSHOT/WEB-INF/lib/myoscar_server_client_stubs-2013.07.22.jar
7f0b087a0000-7f0b087a1000 r--s 00008000 fd:00 67401243                   /opt/oscarhost/source/oscar_15/target/oscar-14.0.0-SNAPSHOT/WEB-INF/lib/myoscar_client_utils-2013.07.22.TLS.jar
7f0b087a1000-7f0b087a6000 r--s 00035000 fd:00 67401242                   /opt/oscarhost/source/oscar_15/target/oscar-14.0.0-SNAPSHOT/WEB-INF/lib/cxf-rt-transports-http-2.7.4.jar
7f0b087a6000-7f0b087a8000 r--s 00013000 fd:00 67401241                   /opt/oscarhost/source/oscar_15/target/oscar-14.0.0-SNAPSHOT/WEB-INF/lib/xml-resolver-1.2.jar
7f0b087a8000-7f0b087ae000 r--s 00057000 fd:00 67401240                   /opt/oscarhost/source/oscar_15/target/oscar-14.0.0-SNAPSHOT/WEB-INF/lib/cxf-rt-frontend-jaxws-2.7.4.jar
7f0b087ae000-7f0b087b8000 r--s 00058000 fd:00 67401239                   /opt/oscarhost/source/oscar_15/target/oscar-14.0.0-SNAPSHOT/WEB-INF/lib/spring-web-3.0.7.RELEASE.jar
7f0b087b8000-7f0b087bd000 r--s 00043000 fd:00 67401238                   /opt/oscarhost/source/oscar_15/target/oscar-14.0.0-SNAPSHOT/WEB-INF/lib/FastInfoset-1.2.12.jar
7f0b087bd000-7f0b087be000 r--s 0000a000 fd:00 67401237                   /opt/oscarhost/source/oscar_15/target/oscar-14.0.0-SNAPSHOT/WEB-INF/lib/asm-3.3.1.jar
7f0b087be000-7f0b087c0000 r--s 00012000 fd:00 67401236                   /opt/oscarhost/source/oscar_15/target/oscar-14.0.0-SNAPSHOT/WEB-INF/lib/jettison-1.3.3.jar
7f0b087c0000-7f0b087c2000 r--s 0000e000 fd:00 67401235                   /opt/oscarhost/source/oscar_15/target/oscar-14.0.0-SNAPSHOT/WEB-INF/lib/cxf-services-wsn-core-2.7.4.jar
7f0b087c2000-7f0b087c8000 r--s 00033000 fd:00 67401234                   /opt/oscarhost/source/oscar_15/target/oscar-14.0.0-SNAPSHOT/WEB-INF/lib/cxf-services-wsn-api-2.7.4.jar
7f0b087c8000-7f0b087cb000 r--s 0002b000 fd:00 67401233                   /opt/oscarhost/source/oscar_15/target/oscar-14.0.0-SNAPSHOT/WEB-INF/lib/cxf-services-sts-core-2.7.4.jar
7f0b087cb000-7f0b087cd000 r--s 00010000 fd:00 67401232                   /opt/oscarhost/source/oscar_15/target/oscar-14.0.0-SNAPSHOT/WEB-INF/lib/cxf-rt-javascript-2.7.4.jar
7f0b087cd000-7f0b087cf000 r--s 0000e000 fd:00 67401231                   /opt/oscarhost/source/oscar_15/target/oscar-14.0.0-SNAPSHOT/WEB-INF/lib/cxf-rt-rs-security-sso-saml-2.7.4.jar
7f0b087cf000-7f0b087d1000 r--s 00013000 fd:00 67401230                   /opt/oscarhost/source/oscar_15/target/oscar-14.0.0-SNAPSHOT/WEB-INF/lib/cxf-rt-rs-security-xml-2.7.4.jar
7f0b087d1000-7f0b087d5000 r--s 00015000 fd:00 67401229                   /opt/oscarhost/source/oscar_15/target/oscar-14.0.0-SNAPSHOT/WEB-INF/lib/cxf-rt-rs-security-oauth2-2.7.4.jar
7f0b087d5000-7f0b087d7000 r--s 0000e000 fd:00 67401228                   /opt/oscarhost/source/oscar_15/target/oscar-14.0.0-SNAPSHOT/WEB-INF/lib/cxf-rt-rs-security-oauth-2.7.4.jar
7f0b087d7000-7f0b087d9000 r--s 00003000 fd:00 67401227                   /opt/oscarhost/source/oscar_15/target/oscar-14.0.0-SNAPSHOT/WEB-INF/lib/cxf-rt-rs-security-cors-2.7.4.jar
7f0b087d9000-7f0b087dc000 r--s 00015000 fd:00 67401226                   /opt/oscarhost/source/oscar_15/target/oscar-14.0.0-SNAPSHOT/WEB-INF/lib/cxf-rt-rs-extension-search-2.7.4.jar
7f0b087dc000-7f0b087df000 r--s 00010000 fd:00 67401225                   /opt/oscarhost/source/oscar_15/target/oscar-14.0.0-SNAPSHOT/WEB-INF/lib/cxf-rt-rs-extension-providers-2.7.4.jar
7f0b087df000-7f0b087e7000 r--s 0008c000 fd:00 67401224                   /opt/oscarhost/source/oscar_15/target/oscar-14.0.0-SNAPSHOT/WEB-INF/lib/cxf-rt-frontend-jaxrs-2.7.4.jar
7f0b087e7000-7f0b087e9000 r--s 0000f000 fd:00 67401223                   /opt/oscarhost/source/oscar_15/target/oscar-14.0.0-SNAPSHOT/WEB-INF/lib/cxf-rt-frontend-simple-2.7.4.jar
7f0b087e9000-7f0b087ea000 r--s 00005000 fd:00 67401222                   /opt/oscarhost/source/oscar_15/target/oscar-14.0.0-SNAPSHOT/WEB-INF/lib/cxf-rt-frontend-js-2.7.4.jar
7f0b087ea000-7f0b087f5000 r--s 00095000 fd:00 67401221                   /opt/oscarhost/source/oscar_15/target/oscar-14.0.0-SNAPSHOT/WEB-INF/lib/cxf-rt-ws-security-2.7.4.jar
7f0b087f5000-7f0b087f7000 r--s 00005000 fd:00 67401220                   /opt/oscarhost/source/oscar_15/target/oscar-14.0.0-SNAPSHOT/WEB-INF/lib/cxf-rt-ws-mex-2.7.4.jar
7f0b087f7000-7f0b087fb000 r--s 0002e000 fd:00 67401219                   /opt/oscarhost/source/oscar_15/target/oscar-14.0.0-SNAPSHOT/WEB-INF/lib/cxf-rt-ws-policy-2.7.4.jar
7f0b087fb000-7f0b08802000 r--s 0004d000 fd:00 67401218                   /opt/oscarhost/source/oscar_15/target/oscar-14.0.0-SNAPSHOT/WEB-INF/lib/cxf-rt-ws-rm-2.7.4.jar
7f0b08802000-7f0b08805000 r--s 00011000 fd:00 67401217                   /opt/oscarhost/source/oscar_15/target/oscar-14.0.0-SNAPSHOT/WEB-INF/lib/cxf-rt-ws-addr-2.7.4.jar
7f0b08805000-7f0b08807000 r--s 0000a000 fd:00 67401216                   /opt/oscarhost/source/oscar_15/target/oscar-14.0.0-SNAPSHOT/WEB-INF/lib/cxf-rt-databinding-xmlbeans-2.7.4.jar
7f0b08807000-7f0b08816000 r--s 00098000 fd:00 67401215                   /opt/oscarhost/source/oscar_15/target/oscar-14.0.0-SNAPSHOT/WEB-INF/lib/msv-core-2011.1.jar
7f0b08816000-7f0b08817000 r--s 00004000 fd:00 67401214                   /opt/oscarhost/source/oscar_15/target/oscar-14.0.0-SNAPSHOT/WEB-INF/lib/cxf-wstx-msv-validation-2.7.4.jar
7f0b08817000-7f0b0881c000 r--s 00039000 fd:00 67401213                   /opt/oscarhost/source/oscar_15/target/oscar-14.0.0-SNAPSHOT/WEB-INF/lib/cxf-rt-databinding-aegis-2.7.4.jar
7f0b0881c000-7f0b0881e000 r--s 00007000 fd:00 67401212                   /opt/oscarhost/source/oscar_15/target/oscar-14.0.0-SNAPSHOT/WEB-INF/lib/cxf-rt-bindings-coloc-2.7.4.jar
7f0b0881e000-7f0b08820000 r--s 00005000 fd:00 67401211                   /opt/oscarhost/source/oscar_15/target/oscar-14.0.0-SNAPSHOT/WEB-INF/lib/cxf-rt-bindings-object-2.7.4.jar
7f0b08820000-7f0b08822000 r--s 00008000 fd:00 67401210                   /opt/oscarhost/source/oscar_15/target/oscar-14.0.0-SNAPSHOT/WEB-INF/lib/cxf-rt-bindings-xml-2.7.4.jar
7f0b08822000-7f0b08827000 r--s 00038000 fd:00 67401209                   /opt/oscarhost/source/oscar_15/target/oscar-14.0.0-SNAPSHOT/WEB-INF/lib/cxf-rt-bindings-corba-2.7.4.jar
7f0b08827000-7f0b08829000 r--s 0001c000 fd:00 67401208                   /opt/oscarhost/source/oscar_15/target/oscar-14.0.0-SNAPSHOT/WEB-INF/lib/cxf-rt-databinding-jaxb-2.7.4.jar
7f0b08829000-7f0b0882e000 r--s 0002d000 fd:00 67401207                   /opt/oscarhost/source/oscar_15/target/oscar-14.0.0-SNAPSHOT/WEB-INF/lib/cxf-rt-bindings-soap-2.7.4.jar
7f0b0882e000-7f0b08832000 r--s 00021000 fd:00 67401206                   /opt/oscarhost/source/oscar_15/target/oscar-14.0.0-SNAPSHOT/WEB-INF/lib/cxf-rt-transports-jms-2.7.4.jar
7f0b08832000-7f0b08835000 r--s 00015000 fd:00 67401205                   /opt/oscarhost/source/oscar_15/target/oscar-14.0.0-SNAPSHOT/WEB-INF/lib/cxf-rt-transports-http-jetty-2.7.4.jar
7f0b08835000-7f0b08837000 r--s 0000d000 fd:00 67401204                   /opt/oscarhost/source/oscar_15/target/oscar-14.0.0-SNAPSHOT/WEB-INF/lib/cxf-rt-transports-http-hc-2.7.4.jar
7f0b08837000-7f0b08838000 r--s 00008000 fd:00 67401203                   /opt/oscarhost/source/oscar_15/target/oscar-14.0.0-SNAPSHOT/WEB-INF/lib/cxf-rt-transports-udp-2.7.4.jar
7f0b08838000-7f0b0883a000 r--s 00005000 fd:00 67401202                   /opt/oscarhost/source/oscar_15/target/oscar-14.0.0-SNAPSHOT/WEB-INF/lib/cxf-rt-transports-local-2.7.4.jar
7f0b0883a000-7f0b0883d000 r--s 0000f000 fd:00 67401201                   /opt/oscarhost/source/oscar_15/target/oscar-14.0.0-SNAPSHOT/WEB-INF/lib/cxf-rt-management-2.7.4.jar
7f0b0883d000-7f0b0883f000 r--s 00007000 fd:00 67401200                   /opt/oscarhost/source/oscar_15/target/oscar-14.0.0-SNAPSHOT/WEB-INF/lib/cxf-rt-features-clustering-2.7.4.jar
7f0b0883f000-7f0b08846000 r--s 0005c000 fd:00 67401199                   /opt/oscarhost/source/oscar_15/target/oscar-14.0.0-SNAPSHOT/WEB-INF/lib/cxf-rt-core-2.7.4.jar
7f0b08846000-7f0b08859000 r--s 000f1000 fd:00 67401198                   /opt/oscarhost/source/oscar_15/target/oscar-14.0.0-SNAPSHOT/WEB-INF/lib/cxf-api-2.7.4.jar
7f0b08859000-7f0b0885a000 r--s 00002000 fd:00 67401197                   /opt/oscarhost/source/oscar_15/target/oscar-14.0.0-SNAPSHOT/WEB-INF/lib/cxf-xjc-boolean-2.6.1.jar
7f0b0885a000-7f0b0885b000 r--s 00002000 fd:00 67401196                   /opt/oscarhost/source/oscar_15/target/oscar-14.0.0-SNAPSHOT/WEB-INF/lib/cxf-xjc-bug671-2.6.1.jar
7f0b0885b000-7f0b0885c000 r--s 00002000 fd:00 67401195                   /opt/oscarhost/source/oscar_15/target/oscar-14.0.0-SNAPSHOT/WEB-INF/lib/cxf-xjc-ts-2.6.1.jar
7f0b0885c000-7f0b0885d000 r--s 00003000 fd:00 67401194                   /opt/oscarhost/source/oscar_15/target/oscar-14.0.0-SNAPSHOT/WEB-INF/lib/cxf-xjc-dv-2.6.1.jar
7f0b0885d000-7f0b0885f000 r--s 00004000 fd:00 67401193                   /opt/oscarhost/source/oscar_15/target/oscar-14.0.0-SNAPSHOT/WEB-INF/lib/stax-api-1.0-2.jar
7f0b0885f000-7f0b08862000 r--s 00013000 fd:00 67401192                   /opt/oscarhost/source/oscar_15/target/oscar-14.0.0-SNAPSHOT/WEB-INF/lib/jaxb-api-2.1.jar
7f0b08862000-7f0b08863000 r--s 00002000 fd:00 67401191                   /opt/oscarhost/source/oscar_15/target/oscar-14.0.0-SNAPSHOT/WEB-INF/lib/cxf-xjc-runtime-2.6.1.jar
7f0b08863000-7f0b08867000 r--s 0001b000 fd:00 67401190                   /opt/oscarhost/source/oscar_15/target/oscar-14.0.0-SNAPSHOT/WEB-INF/lib/cxf-tools-java2ws-2.7.4.jar
7f0b08867000-7f0b08869000 r--s 0000c000 fd:00 67401189                   /opt/oscarhost/source/oscar_15/target/oscar-14.0.0-SNAPSHOT/WEB-INF/lib/cxf-tools-wadlto-jaxrs-2.7.4.jar
7f0b08869000-7f0b0886c000 r--s 00026000 fd:00 67401188                   /opt/oscarhost/source/oscar_15/target/oscar-14.0.0-SNAPSHOT/WEB-INF/lib/cxf-tools-wsdlto-frontend-jaxws-2.7.4.jar
7f0b0886c000-7f0b0886d000 r--s 0000a000 fd:00 67401187                   /opt/oscarhost/source/oscar_15/target/oscar-14.0.0-SNAPSHOT/WEB-INF/lib/cxf-tools-wsdlto-databinding-jaxb-2.7.4.jar
7f0b0886d000-7f0b08872000 r--s 00051000 fd:00 67401186                   /opt/oscarhost/source/oscar_15/target/oscar-14.0.0-SNAPSHOT/WEB-INF/lib/cxf-tools-corba-2.7.4.jar
7f0b08872000-7f0b08873000 r--s 0000d000 fd:00 67401185                   /opt/oscarhost/source/oscar_15/target/oscar-14.0.0-SNAPSHOT/WEB-INF/lib/cxf-tools-misctools-2.7.4.jar
7f0b08873000-7f0b08874000 r--s 00005000 fd:00 67401184                   /opt/oscarhost/source/oscar_15/target/oscar-14.0.0-SNAPSHOT/WEB-INF/lib/cxf-tools-wsdlto-frontend-javascript-2.7.4.jar
7f0b08874000-7f0b08876000 r--s 0000d000 fd:00 67335135                   /opt/oscarhost/source/oscar_15/target/oscar-14.0.0-SNAPSHOT/WEB-INF/lib/cxf-tools-wsdlto-core-2.7.4.jar
7f0b08876000-7f0b08878000 r--s 00010000 fd:00 67335134                   /opt/oscarhost/source/oscar_15/target/oscar-14.0.0-SNAPSHOT/WEB-INF/lib/cxf-tools-validator-2.7.4.jar
7f0b08878000-7f0b0887b000 r--s 00025000 fd:00 67335133                   /opt/oscarhost/source/oscar_15/target/oscar-14.0.0-SNAPSHOT/WEB-INF/lib/cxf-tools-common-2.7.4.jar
7f0b0887b000-7f0b0887d000 r--s 00010000 fd:00 67335132                   /opt/oscarhost/source/oscar_15/target/oscar-14.0.0-SNAPSHOT/WEB-INF/lib/neethi-3.0.2.jar
7f0b0887d000-7f0b0888d000 r--s 00086000 fd:00 67335131                   /opt/oscarhost/source/oscar_15/target/oscar-14.0.0-SNAPSHOT/WEB-INF/lib/xmltooling-1.3.2-1.jar
7f0b0888d000-7f0b088a1000 r--s 00077000 fd:00 67335130                   /opt/oscarhost/source/oscar_15/target/oscar-14.0.0-SNAPSHOT/WEB-INF/lib/openws-1.4.2-1.jar
7f0b088a1000-7f0b088a7000 r--s 00065000 fd:00 67335129                   /opt/oscarhost/source/oscar_15/target/oscar-14.0.0-SNAPSHOT/WEB-INF/lib/wss4j-1.6.10.jar
7f0b088a7000-7f0b088c0000 r--s 00112000 fd:00 67335128                   /opt/oscarhost/source/oscar_15/target/oscar-14.0.0-SNAPSHOT/WEB-INF/lib/ehcache-core-2.5.1.jar
7f0b088c0000-7f0b088c1000 r--s 0000a000 fd:00 67335127                   /opt/oscarhost/source/oscar_15/target/oscar-14.0.0-SNAPSHOT/WEB-INF/lib/oauth-20100527.jar
7f0b088c1000-7f0b088c2000 r--s 00002000 fd:00 67335126                   /opt/oscarhost/source/oscar_15/target/oscar-14.0.0-SNAPSHOT/WEB-INF/lib/oauth-provider-20100527.jar
7f0b088c2000-7f0b088c6000 r--s 00018000 fd:00 67335125                   /opt/oscarhost/source/oscar_15/target/oscar-14.0.0-SNAPSHOT/WEB-INF/lib/javax.ws.rs-api-2.0-m10.jar
7f0b088c6000-7f0b088cf000 r--s 000cc000 fd:00 67335124                   /opt/oscarhost/source/oscar_15/target/oscar-14.0.0-SNAPSHOT/WEB-INF/lib/js-1.7R2.jar
7f0b088cf000-7f0b088d2000 r--s 00012000 fd:00 67335122                   /opt/oscarhost/source/oscar_15/target/oscar-14.0.0-SNAPSHOT/WEB-INF/lib/httpasyncclient-4.0-beta3.jar
7f0b088d2000-7f0b088d8000 r--s 00040000 fd:00 67335121                   /opt/oscarhost/source/oscar_15/target/oscar-14.0.0-SNAPSHOT/WEB-INF/lib/httpcore-nio-4.2.2.jar
7f0b088d8000-7f0b088dd000 r--s 00029000 fd:00 67335120                   /opt/oscarhost/source/oscar_15/target/oscar-14.0.0-SNAPSHOT/WEB-INF/lib/spring-jms-3.0.7.RELEASE.jar
7f0b088dd000-7f0b088df000 r--s 00006000 fd:00 67335119                   /opt/oscarhost/source/oscar_15/target/oscar-14.0.0-SNAPSHOT/WEB-INF/lib/geronimo-jms_1.1_spec-1.1.1.jar
7f0b088df000-7f0b088e2000 r--s 00013000 fd:00 67335118                   /opt/oscarhost/source/oscar_15/target/oscar-14.0.0-SNAPSHOT/WEB-INF/lib/jetty-security-8.1.7.v20120910.jar
7f0b088e2000-7f0b088ef000 r--s 00091000 fd:00 67335123                   /opt/oscarhost/source/oscar_15/target/oscar-14.0.0-SNAPSHOT/WEB-INF/lib/mina-core-2.0.5.jar
7f0b088ef000-7f0b088f4000 r--s 00040000 fd:00 67335117                   /opt/oscarhost/source/oscar_15/target/oscar-14.0.0-SNAPSHOT/WEB-INF/lib/jetty-util-8.1.7.v20120910.jar
7f0b088f4000-7f0b088f7000 r--s 00017000 fd:00 67335116                   /opt/oscarhost/source/oscar_15/target/oscar-14.0.0-SNAPSHOT/WEB-INF/lib/jetty-io-8.1.7.v20120910.jar
7f0b088f7000-7f0b088f9000 r--s 00015000 fd:00 67335115                   /opt/oscarhost/source/oscar_15/target/oscar-14.0.0-SNAPSHOT/WEB-INF/lib/jetty-http-8.1.7.v20120910.jar
7f0b088f9000-7f0b088fb000 r--s 00004000 fd:00 67335114                   /opt/oscarhost/source/oscar_15/target/oscar-14.0.0-SNAPSHOT/WEB-INF/lib/jetty-continuation-8.1.7.v20120910.jar
7f0b088fb000-7f0b08901000 r--s 0004d000 fd:00 67335113                   /opt/oscarhost/source/oscar_15/target/oscar-14.0.0-SNAPSHOT/WEB-INF/lib/jetty-server-8.1.7.v20120910.jar
7f0b08901000-7f0b08905000 r--s 00029000 fd:00 67335112                   /opt/oscarhost/source/oscar_15/target/oscar-14.0.0-SNAPSHOT/WEB-INF/lib/stax2-api-3.1.1.jar
7f0b08905000-7f0b08908000 r--s 0000c000 fd:00 67335111                   /opt/oscarhost/source/oscar_15/target/oscar-14.0.0-SNAPSHOT/WEB-INF/lib/geronimo-jaxws_2.2_spec-1.1.jar
7f0b08908000-7f0b0890c000 r--s 00024000 fd:00 67335110                   /opt/oscarhost/source/oscar_15/target/oscar-14.0.0-SNAPSHOT/WEB-INF/lib/xmlschema-core-2.0.3.jar
7f0b0890c000-7f0b0891f000 r--s 000c4000 fd:00 67335109                   /opt/oscarhost/source/oscar_15/target/oscar-14.0.0-SNAPSHOT/WEB-INF/lib/jaxb-impl-2.1.13.jar
7f0b0891f000-7f0b08959000 r--s 002bc000 fd:00 67335108                   /opt/oscarhost/source/oscar_15/target/oscar-14.0.0-SNAPSHOT/WEB-INF/lib/jaxb-xjc-2.1.13.jar
7f0b08959000-7f0b089c4000 r--s 00639000 fd:00 67335107                   /opt/oscarhost/source/oscar_15/target/oscar-14.0.0-SNAPSHOT/WEB-INF/lib/cxf-bundle-2.7.4.jar
7f0b089c4000-7f0b089c6000 r--s 00008000 fd:00 67335106                   /opt/oscarhost/source/oscar_15/target/oscar-14.0.0-SNAPSHOT/WEB-INF/lib/mimepull-1.7.jar
7f0b089c6000-7f0b089cb000 r--s 00042000 fd:00 67335105                   /opt/oscarhost/source/oscar_15/target/oscar-14.0.0-SNAPSHOT/WEB-INF/lib/saaj-impl-1.3.18.jar
7f0b089cb000-7f0b089cd000 r--s 00005000 fd:00 67335104                   /opt/oscarhost/source/oscar_15/target/oscar-14.0.0-SNAPSHOT/WEB-INF/lib/sslext-1.2-0.jar
7f0b089cd000-7f0b089d3000 r--s 0004f000 fd:00 67335103                   /opt/oscarhost/source/oscar_15/target/oscar-14.0.0-SNAPSHOT/WEB-INF/lib/velocity-tools-2.0.jar
7f0b089d3000-7f0b089db000 r--s 00066000 fd:00 67335102                   /opt/oscarhost/source/oscar_15/target/oscar-14.0.0-SNAPSHOT/WEB-INF/lib/velocity-1.7.jar
7f0b089db000-7f0b089e1000 r--s 0007a000 fd:00 67335101                   /opt/oscarhost/source/oscar_15/target/oscar-14.0.0-SNAPSHOT/WEB-INF/lib/wstx-asl-3.2.9.jar
7f0b089e1000-7f0b089e4000 r--s 0001b000 fd:00 67335100                   /opt/oscarhost/source/oscar_15/target/oscar-14.0.0-SNAPSHOT/WEB-INF/lib/axiom-impl-1.2.11.jar
7f0b089e4000-7f0b089e6000 r--s 00006000 fd:00 67335099                   /opt/oscarhost/source/oscar_15/target/oscar-14.0.0-SNAPSHOT/WEB-INF/lib/geronimo-stax-api_1.0_spec-1.0.1.jar
7f0b089e6000-7f0b089ec000 r--s 00032000 fd:00 67335098                   /opt/oscarhost/source/oscar_15/target/oscar-14.0.0-SNAPSHOT/WEB-INF/lib/jaxen-1.1.1.jar
7f0b089ec000-7f0b089f1000 r--s 0002e000 fd:00 67335097                   /opt/oscarhost/source/oscar_15/target/oscar-14.0.0-SNAPSHOT/WEB-INF/lib/geronimo-javamail_1.4_spec-1.6.jar
7f0b089f1000-7f0b089f3000 r--s 00007000 fd:00 67335096                   /opt/oscarhost/source/oscar_15/target/oscar-14.0.0-SNAPSHOT/WEB-INF/lib/geronimo-activation_1.1_spec-1.0.2.jar
7f0b089f3000-7f0b089fd000 r--s 0005f000 fd:00 67335095                   /opt/oscarhost/source/oscar_15/target/oscar-14.0.0-SNAPSHOT/WEB-INF/lib/axiom-api-1.2.11.jar
7f0b089fd000-7f0b089fe000 r--s 00004000 fd:00 67335094                   /opt/oscarhost/source/oscar_15/target/oscar-14.0.0-SNAPSHOT/WEB-INF/lib/axis2-transport-local-1.5.4.jar
7f0b089fe000-7f0b08a03000 r--s 00033000 fd:00 67335093                   /opt/oscarhost/source/oscar_15/target/oscar-14.0.0-SNAPSHOT/WEB-INF/lib/woden-impl-dom-1.0M8.jar
7f0b08a03000-7f0b08a04000 r--s 00002000 fd:00 67335092                   /opt/oscarhost/source/oscar_15/target/oscar-14.0.0-SNAPSHOT/WEB-INF/lib/ant-launcher-1.7.0.jar
7f0b08a04000-7f0b08a17000 r--s 00128000 fd:00 67335091                   /opt/oscarhost/source/oscar_15/target/oscar-14.0.0-SNAPSHOT/WEB-INF/lib/ant-1.7.0.jar
7f0b08a17000-7f0b08a1c000 r--s 00020000 fd:00 67335090                   /opt/oscarhost/source/oscar_15/target/oscar-14.0.0-SNAPSHOT/WEB-INF/lib/woden-api-1.0M8.jar
7f0b08a1c000-7f0b08a21000 r--s 00020000 fd:00 67335089                   /opt/oscarhost/source/oscar_15/target/oscar-14.0.0-SNAPSHOT/WEB-INF/lib/wsdl4j-1.6.2.jar
7f0b08a21000-7f0b08a27000 r--s 00045000 fd:00 67335088                   /opt/oscarhost/source/oscar_15/target/oscar-14.0.0-SNAPSHOT/WEB-INF/lib/commons-httpclient-3.1.jar
7f0b08a27000-7f0b08a28000 r--s 00003000 fd:00 67335087                   /opt/oscarhost/source/oscar_15/target/oscar-14.0.0-SNAPSHOT/WEB-INF/lib/geronimo-jta_1.1_spec-1.1.jar
7f0b08a28000-7f0b08a29000 r--s 00003000 fd:00 67335086                   /opt/oscarhost/source/oscar_15/target/oscar-14.0.0-SNAPSHOT/WEB-INF/lib/geronimo-ws-metadata_2.0_spec-1.1.2.jar
7f0b08a29000-7f0b08a2c000 r--s 00024000 fd:00 67335085                   /opt/oscarhost/source/oscar_15/target/oscar-14.0.0-SNAPSHOT/WEB-INF/lib/axiom-dom-1.2.10.jar
7f0b08a2c000-7f0b08a39000 r--s 000e8000 fd:00 67335084                   /opt/oscarhost/source/oscar_15/target/oscar-14.0.0-SNAPSHOT/WEB-INF/lib/axis2-kernel-1.5.4.jar
7f0b08a39000-7f0b08a3c000 r--s 00023000 fd:00 67335083                   /opt/oscarhost/source/oscar_15/target/oscar-14.0.0-SNAPSHOT/WEB-INF/lib/axis2-transport-http-1.5.4.jar
7f0b08a3c000-7f0b08a5a000 r--s 00218000 fd:00 67335082                   /opt/oscarhost/source/oscar_15/target/oscar-14.0.0-SNAPSHOT/WEB-INF/lib/axis2-1.5.4.jar
7f0b08a5a000-7f0b08a9a000 r--s 00277000 fd:00 67335081                   /opt/oscarhost/source/oscar_15/target/oscar-14.0.0-SNAPSHOT/WEB-INF/lib/bcprov-jdk15on-1.51.jar
7f0b08a9a000-7f0b08aaa000 r--s 00084000 fd:00 67335080                   /opt/oscarhost/source/oscar_15/target/oscar-14.0.0-SNAPSHOT/WEB-INF/lib/bcpkix-jdk15on-1.51.jar
7f0b08aaa000-7f0b08aad000 r--s 00015000 fd:00 67335079                   /opt/oscarhost/source/oscar_15/target/oscar-14.0.0-SNAPSHOT/WEB-INF/lib/bcmail-jdk15on-1.51.jar
7f0b08aad000-7f0b08aaf000 r--s 0000f000 fd:00 67335078                   /opt/oscarhost/source/oscar_15/target/oscar-14.0.0-SNAPSHOT/WEB-INF/lib/olis-service-20111111.jar
7f0b08aaf000-7f0b08ab2000 r--s 00035000 fd:00 67335077                   /opt/oscarhost/source/oscar_15/target/oscar-14.0.0-SNAPSHOT/WEB-INF/lib/jsch-0.1.49.jar
7f0b08ab2000-7f0b08ac5000 r--s 00047000 fd:00 67335076                   /opt/oscarhost/source/oscar_15/target/oscar-14.0.0-SNAPSHOT/WEB-INF/lib/ocan-iar-phr-UNKNOWN.jar
7f0b08ac5000-7f0b08acc000 r--s 00017000 fd:00 67335075                   /opt/oscarhost/source/oscar_15/target/oscar-14.0.0-SNAPSHOT/WEB-INF/lib/ocan-iar-consent-UNKNOWN.jar
7f0b08acc000-7f0b08acd000 r--s 00005000 fd:00 67335074                   /opt/oscarhost/source/oscar_15/target/oscar-14.0.0-SNAPSHOT/WEB-INF/lib/ocan-iar-3.0.jar
7f0b08acd000-7f0b08ad1000 r--s 00168000 fd:00 67335073                   /opt/oscarhost/source/oscar_15/target/oscar-14.0.0-SNAPSHOT/WEB-INF/lib/pluginframework-0.9.13.jar
7f0b08ad1000-7f0b08ad9000 r--s 0004b000 fd:00 67335072                   /opt/oscarhost/source/oscar_15/target/oscar-14.0.0-SNAPSHOT/WEB-INF/lib/janino-2.3.2.jar
7f0b08ad9000-7f0b08af1000 r--s 00115000 fd:00 67285727                   /opt/oscarhost/source/oscar_15/target/oscar-14.0.0-SNAPSHOT/WEB-INF/lib/xercesImpl-2.9.1.jar
7f0b08af1000-7f0b08af5000 r--s 0003a000 fd:00 67285726                   /opt/oscarhost/source/oscar_15/target/oscar-14.0.0-SNAPSHOT/WEB-INF/lib/jtidy-r938.jar
7f0b08af5000-7f0b08b06000 r--s 00139000 fd:00 67285725                   /opt/oscarhost/source/oscar_15/target/oscar-14.0.0-SNAPSHOT/WEB-INF/lib/ping-xml-UNKNOWN.jar
7f0b08b06000-7f0b08b08000 r--s 00008000 fd:00 67285724                   /opt/oscarhost/source/oscar_15/target/oscar-14.0.0-SNAPSHOT/WEB-INF/lib/ping-server-UNKNOWN.jar
7f0b08b08000-7f0b08b0a000 r--s 00004000 fd:00 67285723                   /opt/oscarhost/source/oscar_15/target/oscar-14.0.0-SNAPSHOT/WEB-INF/lib/ping-core-UNKNOWN.jar
7f0b08b0a000-7f0b08b0c000 r--s 00005000 fd:00 67285722                   /opt/oscarhost/source/oscar_15/target/oscar-14.0.0-SNAPSHOT/WEB-INF/lib/ping-client-UNKNOWN.jar
7f0b08b0c000-7f0b08b0f000 r--s 0004e000 fd:00 67285721                   /opt/oscarhost/source/oscar_15/target/oscar-14.0.0-SNAPSHOT/WEB-INF/lib/oscar-ping-UNKNOWN.jar
7f0b08b0f000-7f0b08b10000 r--s 00003000 fd:00 67285720                   /opt/oscarhost/source/oscar_15/target/oscar-14.0.0-SNAPSHOT/WEB-INF/lib/zxing-j2se-1.5.jar
7f0b08b10000-7f0b08b15000 r--s 0003d000 fd:00 67285719                   /opt/oscarhost/source/oscar_15/target/oscar-14.0.0-SNAPSHOT/WEB-INF/lib/zxing-core-1.5.jar
7f0b08b15000-7f0b08b17000 r--s 00001000 fd:00 67285718                   /opt/oscarhost/source/oscar_15/target/oscar-14.0.0-SNAPSHOT/WEB-INF/lib/slf4j-log4j12-1.4.2.jar
7f0b08b17000-7f0b08b18000 r--s 00003000 fd:00 67285717                   /opt/oscarhost/source/oscar_15/target/oscar-14.0.0-SNAPSHOT/WEB-INF/lib/jcl104-over-slf4j-1.4.2.jar
7f0b08b18000-7f0b08b1c000 r--s 00030000 fd:00 67285716                   /opt/oscarhost/source/oscar_15/target/oscar-14.0.0-SNAPSHOT/WEB-INF/lib/displaytag-1.1.1.jar
7f0b08b1c000-7f0b08b21000 r--s 001be000 fd:00 67285715                   /opt/oscarhost/source/oscar_15/target/oscar-14.0.0-SNAPSHOT/WEB-INF/lib/pdfview-UNKNOWN.jar
7f0b08b21000-7f0b08b26000 r--s 0002b000 fd:00 67285714                   /opt/oscarhost/source/oscar_15/target/oscar-14.0.0-SNAPSHOT/WEB-INF/lib/xacml-1.2.jar
7f0b08b26000-7f0b08b2c000 r--s 00065000 fd:00 67285713                   /opt/oscarhost/source/oscar_15/target/oscar-14.0.0-SNAPSHOT/WEB-INF/lib/ostermillerutils-1.4.3.jar
7f0b08b2c000-7f0b08b47000 r--s 0015d000 fd:00 67285712                   /opt/oscarhost/source/oscar_15/target/oscar-14.0.0-SNAPSHOT/WEB-INF/lib/poi-3.6.jar
7f0b08b47000-7f0b08b48000 r--s 00001000 fd:00 67285711                   /opt/oscarhost/source/oscar_15/target/oscar-14.0.0-SNAPSHOT/WEB-INF/lib/jaxm-api-UNKNOWN.jar
7f0b08b48000-7f0b08b58000 r--s 0003e000 fd:00 67285710                   /opt/oscarhost/source/oscar_15/target/oscar-14.0.0-SNAPSHOT/WEB-INF/lib/surveyModel-0.0-SNAPSHOT.jar
7f0b08b58000-7f0b08b72000 r--s 00076000 fd:00 67285709                   /opt/oscarhost/source/oscar_15/target/oscar-14.0.0-SNAPSHOT/WEB-INF/lib/patientSiteVisit-0.0-SNAPSHOT.jar
7f0b08b72000-7f0b08b74000 r--s 0000b000 fd:00 67285708                   /opt/oscarhost/source/oscar_15/target/oscar-14.0.0-SNAPSHOT/WEB-INF/lib/jazzy-core-unknown.jar
7f0b08b74000-7f0b08b77000 r--s 0000c000 fd:00 67285707                   /opt/oscarhost/source/oscar_15/target/oscar-14.0.0-SNAPSHOT/WEB-INF/lib/ckd-1.0.jar
7f0b08b77000-7f0b08b80000 r--s 00025000 fd:00 67285706                   /opt/oscarhost/source/oscar_15/target/oscar-14.0.0-SNAPSHOT/WEB-INF/lib/BORNWBCSD-2.2.1.jar
7f0b08b80000-7f0b08b8d000 r--s 0006c000 fd:00 67285705                   /opt/oscarhost/source/oscar_15/target/oscar-14.0.0-SNAPSHOT/WEB-INF/lib/BORNWB-2.1.5.jar
7f0b08b8d000-7f0b08b99000 r--s 00055000 fd:00 67285704                   /opt/oscarhost/source/oscar_15/target/oscar-14.0.0-SNAPSHOT/WEB-INF/lib/x18MEWBV-1.8.2.jar
7f0b08b99000-7f0b08bb1000 r--s 00078000 fd:00 67285703                   /opt/oscarhost/source/oscar_15/target/oscar-14.0.0-SNAPSHOT/WEB-INF/lib/ar2005-1.2.jar
7f0b08bb1000-7f0b08c02000 r--s 00160000 fd:00 67285702                   /opt/oscarhost/source/oscar_15/target/oscar-14.0.0-SNAPSHOT/WEB-INF/lib/ocan-0.0-SNAPSHOT.jar
7f0b08c02000-7f0b08c24000 r--s 000bb000 fd:00 67285701                   /opt/oscarhost/source/oscar_15/target/oscar-14.0.0-SNAPSHOT/WEB-INF/lib/dm-0.0-SNAPSHOT.jar
7f0b08c24000-7f0b08c34000 r--s 0013f000 fd:00 67285700                   /opt/oscarhost/source/oscar_15/target/oscar-14.0.0-SNAPSHOT/WEB-INF/lib/jfreechart-1.0.12.jar
7f0b08c34000-7f0b08c35000 r--s 00007000 fd:00 67285699                   /opt/oscarhost/source/oscar_15/target/oscar-14.0.0-SNAPSHOT/WEB-INF/lib/commons-email-1.1.jar
7f0b08c35000-7f0b08c37000 r--s 0000e000 fd:00 67285698                   /opt/oscarhost/source/oscar_15/target/oscar-14.0.0-SNAPSHOT/WEB-INF/lib/activation-1.1.jar
7f0b08c37000-7f0b08c3d000 r--s 00059000 fd:00 67285697                   /opt/oscarhost/source/oscar_15/target/oscar-14.0.0-SNAPSHOT/WEB-INF/lib/mail-1.4.jar
7f0b08c3d000-7f0b08c41000 r--s 00026000 fd:00 67285696                   /opt/oscarhost/source/oscar_15/target/oscar-14.0.0-SNAPSHOT/WEB-INF/lib/commons-beanutils-core-1.7.0.jar
7f0b08c41000-7f0b08c46000 r--s 00032000 fd:00 67285695                   /opt/oscarhost/source/oscar_15/target/oscar-14.0.0-SNAPSHOT/WEB-INF/lib/commons-betwixt-0.7.jar
7f0b08c46000-7f0b08c4a000 r--s 0002b000 fd:00 67285694                   /opt/oscarhost/source/oscar_15/target/oscar-14.0.0-SNAPSHOT/WEB-INF/lib/cookierevolver-0.2.5.jar
7f0b08c4a000-7f0b08c51000 r--s 00066000 fd:00 67285693                   /opt/oscarhost/source/oscar_15/target/oscar-14.0.0-SNAPSHOT/WEB-INF/lib/quartz-1.8.5.jar
7f0b08c51000-7f0b08c53000 r--s 00005000 fd:00 67285692                   /opt/oscarhost/source/oscar_15/target/oscar-14.0.0-SNAPSHOT/WEB-INF/lib/httpmime-4.2.2.jar
7f0b08c53000-7f0b08c59000 r--s 00032000 fd:00 67285691                   /opt/oscarhost/source/oscar_15/target/oscar-14.0.0-SNAPSHOT/WEB-INF/lib/httpcore-4.2.5.jar
7f0b08c59000-7f0b08c63000 r--s 00061000 fd:00 67285690                   /opt/oscarhost/source/oscar_15/target/oscar-14.0.0-SNAPSHOT/WEB-INF/lib/httpclient-4.2.6.jar
7f0b08c63000-7f0b08c65000 r--s 00005000 fd:00 67285689                   /opt/oscarhost/source/oscar_15/target/oscar-14.0.0-SNAPSHOT/WEB-INF/lib/stax-api-1.0.1.jar
7f0b08c65000-7f0b08ca2000 r--s 00255000 fd:00 67285688                   /opt/oscarhost/source/oscar_15/target/oscar-14.0.0-SNAPSHOT/WEB-INF/lib/xmlbeans-2.4.0.jar
7f0b08ca2000-7f0b08ccb000 r--s 000c7000 fd:00 67285687                   /opt/oscarhost/source/oscar_15/target/oscar-14.0.0-SNAPSHOT/WEB-INF/lib/hsfo2-2.0.jar
7f0b08ccb000-7f0b08ce9000 r--s 000a3000 fd:00 67285686                   /opt/oscarhost/source/oscar_15/target/oscar-14.0.0-SNAPSHOT/WEB-INF/lib/hsfo-2007-02-12.jar
7f0b08ce9000-7f0b08cec000 r--s 00012000 fd:00 67285685                   /opt/oscarhost/source/oscar_15/target/oscar-14.0.0-SNAPSHOT/WEB-INF/lib/hrm-jaxb-4.1a.jar
7f0b08cec000-7f0b08d07000 r--s 00085000 fd:00 67285684                   /opt/oscarhost/source/oscar_15/target/oscar-14.0.0-SNAPSHOT/WEB-INF/lib/cds_hrm-1.0.jar
7f0b08d07000-7f0b08d0d000 r--s 00027000 fd:00 67285683                   /opt/oscarhost/source/oscar_15/target/oscar-14.0.0-SNAPSHOT/WEB-INF/lib/cds_rourke-1.0.jar
7f0b08d0d000-7f0b08d1e000 r--s 0004f000 fd:00 67285682                   /opt/oscarhost/source/oscar_15/target/oscar-14.0.0-SNAPSHOT/WEB-INF/lib/cds_cihi-1.0.jar
7f0b08d1e000-7f0b08d2f000 r--s 00052000 fd:00 67285681                   /opt/oscarhost/source/oscar_15/target/oscar-14.0.0-SNAPSHOT/WEB-INF/lib/cds_cihi_phcvrs-1.0.jar
7f0b08d2f000-7f0b08d5b000 r--s 000da000 fd:00 67285680                   /opt/oscarhost/source/oscar_15/target/oscar-14.0.0-SNAPSHOT/WEB-INF/lib/cds-0.0-SNAPSHOT.jar
7f0b08d5b000-7f0b08d5c000 r--s 00004000 fd:00 67285679                   /opt/oscarhost/source/oscar_15/target/oscar-14.0.0-SNAPSHOT/WEB-INF/lib/batik-xml-1.6-1.jar
7f0b08d5c000-7f0b08d60000 r--s 00010000 fd:00 67285678                   /opt/oscarhost/source/oscar_15/target/oscar-14.0.0-SNAPSHOT/WEB-INF/lib/xmlParserAPIs-2.0.2.jar
7f0b08d60000-7f0b08d65000 r--s 0000e000 fd:00 67285677                   /opt/oscarhost/source/oscar_15/target/oscar-14.0.0-SNAPSHOT/WEB-INF/lib/batik-ext-1.6-1.jar
7f0b08d65000-7f0b08d6b000 r--s 0001c000 fd:00 67285676                   /opt/oscarhost/source/oscar_15/target/oscar-14.0.0-SNAPSHOT/WEB-INF/lib/batik-gui-util-1.6-1.jar
7f0b08d6b000-7f0b08d6d000 r--s 00012000 fd:00 67285675                   /opt/oscarhost/source/oscar_15/target/oscar-14.0.0-SNAPSHOT/WEB-INF/lib/batik-util-1.6-1.jar
7f0b08d6d000-7f0b08d6f000 r--s 00008000 fd:00 67285674                   /opt/oscarhost/source/oscar_15/target/oscar-14.0.0-SNAPSHOT/WEB-INF/lib/batik-parser-1.6-1.jar
7f0b08d6f000-7f0b08d7b000 r--s 0005d000 fd:00 67285673                   /opt/oscarhost/source/oscar_15/target/oscar-14.0.0-SNAPSHOT/WEB-INF/lib/batik-svg-dom-1.6-1.jar
7f0b08d7b000-7f0b08d7f000 r--s 00026000 fd:00 67285672                   /opt/oscarhost/source/oscar_15/target/oscar-14.0.0-SNAPSHOT/WEB-INF/lib/batik-gvt-1.6-1.jar
7f0b08d7f000-7f0b08d84000 r--s 00024000 fd:00 67285671                   /opt/oscarhost/source/oscar_15/target/oscar-14.0.0-SNAPSHOT/WEB-INF/lib/batik-svggen-1.6-1.jar
7f0b08d84000-7f0b08d8c000 r--s 00033000 fd:00 67285670                   /opt/oscarhost/source/oscar_15/target/oscar-14.0.0-SNAPSHOT/WEB-INF/lib/batik-css-1.6-1.jar
7f0b08d8c000-7f0b08d8f000 r--s 00013000 fd:00 67285669                   /opt/oscarhost/source/oscar_15/target/oscar-14.0.0-SNAPSHOT/WEB-INF/lib/batik-dom-1.6-1.jar
7f0b08d8f000-7f0b08d98000 r--s 00052000 fd:00 67285668                   /opt/oscarhost/source/oscar_15/target/oscar-14.0.0-SNAPSHOT/WEB-INF/lib/batik-awt-util-1.6-1.jar
7f0b08d98000-7f0b08d9c000 r--s 0001f000 fd:00 67285667                   /opt/oscarhost/source/oscar_15/target/oscar-14.0.0-SNAPSHOT/WEB-INF/lib/krysalis-jCharts-0.7.5.jar
7f0b08d9c000-7f0b08da2000 r--s 00022000 fd:00 67285666                   /opt/oscarhost/source/oscar_15/target/oscar-14.0.0-SNAPSHOT/WEB-INF/lib/indivo-model-phr-jackson-3.1-SNAPSHOT.jar
7f0b08da2000-7f0b08da4000 r--s 00008000 fd:00 67285665                   /opt/oscarhost/source/oscar_15/target/oscar-14.0.0-SNAPSHOT/WEB-INF/lib/indivo-model-core-3.0-SNAPSHOT.jar
7f0b08da4000-7f0b08da7000 r--s 00011000 fd:00 67285664                   /opt/oscarhost/source/oscar_15/target/oscar-14.0.0-SNAPSHOT/WEB-INF/lib/indivo-core-3.0-SNAPSHOT.jar
7f0b08da7000-7f0b08da9000 r--s 0000d000 fd:00 67158463                   /opt/oscarhost/source/oscar_15/target/oscar-14.0.0-SNAPSHOT/WEB-INF/lib/commons-codec-1.4.jar
7f0b08da9000-7f0b08dae000 r--s 00010000 fd:00 67158462                   /opt/oscarhost/source/oscar_15/target/oscar-14.0.0-SNAPSHOT/WEB-INF/lib/xml-apis-ext-1.3.04.jar
7f0b08dae000-7f0b08daf000 r--s 00007000 fd:00 67158461                   /opt/oscarhost/source/oscar_15/target/oscar-14.0.0-SNAPSHOT/WEB-INF/lib/batik-xml-1.7.jar
7f0b08daf000-7f0b08db2000 r--s 0001d000 fd:00 67158460                   /opt/oscarhost/source/oscar_15/target/oscar-14.0.0-SNAPSHOT/WEB-INF/lib/batik-util-1.7.jar
7f0b08db2000-7f0b08db3000 r--s 00002000 fd:00 67158459                   /opt/oscarhost/source/oscar_15/target/oscar-14.0.0-SNAPSHOT/WEB-INF/lib/batik-ext-1.7.jar
7f0b08db3000-7f0b08dba000 r--s 00045000 fd:00 67158458                   /opt/oscarhost/source/oscar_15/target/oscar-14.0.0-SNAPSHOT/WEB-INF/lib/batik-css-1.7.jar
7f0b08dba000-7f0b08dbe000 r--s 00027000 fd:00 67158457                   /opt/oscarhost/source/oscar_15/target/oscar-14.0.0-SNAPSHOT/WEB-INF/lib/batik-dom-1.7.jar
7f0b08dbe000-7f0b08dbf000 r--s 00001000 fd:00 67158456                   /opt/oscarhost/source/oscar_15/target/oscar-14.0.0-SNAPSHOT/WEB-INF/lib/macplus_client_stubs-SNAPSHOT.jar
7f0b08dbf000-7f0b08dc7000 r--s 00023000 fd:00 67158455                   /opt/oscarhost/source/oscar_15/target/oscar-14.0.0-SNAPSHOT/WEB-INF/lib/caisi_integrator_client_stubs-0.2.jar
7f0b08dc7000-7f0b08dd6000 r--s 00071000 fd:00 67158454                   /opt/oscarhost/source/oscar_15/target/oscar-14.0.0-SNAPSHOT/WEB-INF/lib/joda-time-1.4.jar
7f0b08dd6000-7f0b08dd8000 r--s 0000d000 fd:00 67158453                   /opt/oscarhost/source/oscar_15/target/oscar-14.0.0-SNAPSHOT/WEB-INF/lib/barbecue-1.0.6b.jar
7f0b08dd8000-7f0b08dda000 r--s 0025c000 fd:00 67158452                   /opt/oscarhost/source/oscar_15/target/oscar-14.0.0-SNAPSHOT/WEB-INF/lib/jasperreports-fonts-4.0.0.jar
7f0b08dda000-7f0b08e57000 r--s 0031d000 fd:00 67158451                   /opt/oscarhost/source/oscar_15/target/oscar-14.0.0-SNAPSHOT/WEB-INF/lib/poi-ooxml-schemas-3.6.jar
7f0b08e57000-7f0b08e5d000 r--s 0005f000 fd:00 67158450                   /opt/oscarhost/source/oscar_15/target/oscar-14.0.0-SNAPSHOT/WEB-INF/lib/poi-ooxml-3.6.jar
7f0b08e5d000-7f0b08e6d000 r--s 000c4000 fd:00 67158449                   /opt/oscarhost/source/oscar_15/target/oscar-14.0.0-SNAPSHOT/WEB-INF/lib/castor-1.2.jar
7f0b08e6d000-7f0b08e91000 r--s 00341000 fd:00 67158448                   /opt/oscarhost/source/oscar_15/target/oscar-14.0.0-SNAPSHOT/WEB-INF/lib/jdtcore-3.1.0.jar
7f0b08e91000-7f0b08e99000 r--s 00028000 fd:00 67158447                   /opt/oscarhost/source/oscar_15/target/oscar-14.0.0-SNAPSHOT/WEB-INF/lib/xml-apis-1.3.02.jar
7f0b08e99000-7f0b08e9f000 r--s 00046000 fd:00 67158446                   /opt/oscarhost/source/oscar_15/target/oscar-14.0.0-SNAPSHOT/WEB-INF/lib/jcommon-1.0.15.jar
7f0b08e9f000-7f0b08eab000 r--s 00108000 fd:00 67158445                   /opt/oscarhost/source/oscar_15/target/oscar-14.0.0-SNAPSHOT/WEB-INF/lib/itext-2.1.7.jar
7f0b08eab000-7f0b08ee5000 r--s 002e8000 fd:00 67158444                   /opt/oscarhost/source/oscar_15/target/oscar-14.0.0-SNAPSHOT/WEB-INF/lib/jasperreports-4.1.2.jar
7f0b08ee5000-7f0b08ef2000 r--s 00180000 fd:00 67158443                   /opt/oscarhost/source/oscar_15/target/oscar-14.0.0-SNAPSHOT/WEB-INF/lib/drools-all-2.0.jar
7f0b08ef2000-7f0b08ef5000 r--s 00018000 fd:00 67158442                   /opt/oscarhost/source/oscar_15/target/oscar-14.0.0-SNAPSHOT/WEB-INF/lib/xmlrpc-1.2-b1.jar
7f0b08ef5000-7f0b08ef6000 r--s 00003000 fd:00 67158441                   /opt/oscarhost/source/oscar_15/target/oscar-14.0.0-SNAPSHOT/WEB-INF/lib/json-simple-1.1.jar
7f0b08ef6000-7f0b08ef9000 r--s 00013000 fd:00 67158440                   /opt/oscarhost/source/oscar_15/target/oscar-14.0.0-SNAPSHOT/WEB-INF/lib/ezmorph-1.0.6.jar
7f0b08ef9000-7f0b08efd000 r--s 00022000 fd:00 67158439                   /opt/oscarhost/source/oscar_15/target/oscar-14.0.0-SNAPSHOT/WEB-INF/lib/json-lib-2.3-jdk15.jar
7f0b08efd000-7f0b08f01000 r--s 00023000 fd:00 67158438                   /opt/oscarhost/source/oscar_15/target/oscar-14.0.0-SNAPSHOT/WEB-INF/lib/itext-rtf-2.1.7.jar
7f0b08f01000-7f0b08f08000 r--s 00043000 fd:00 67158437                   /opt/oscarhost/source/oscar_15/target/oscar-14.0.0-SNAPSHOT/WEB-INF/lib/xmlworker-5.4.1.jar
7f0b08f08000-7f0b08f1b000 r--s 001bd000 fd:00 67158436                   /opt/oscarhost/source/oscar_15/target/oscar-14.0.0-SNAPSHOT/WEB-INF/lib/itextpdf-5.4.1.jar
7f0b08f1b000-7f0b08f24000 r--s 00058000 fd:00 67158435                   /opt/oscarhost/source/oscar_15/target/oscar-14.0.0-SNAPSHOT/WEB-INF/lib/standard-1.1.2.jar
7f0b08f24000-7f0b08f26000 r--s 00004000 fd:00 67158434                   /opt/oscarhost/source/oscar_15/target/oscar-14.0.0-SNAPSHOT/WEB-INF/lib/jstl-1.1.2.jar
7f0b08f26000-7f0b08f27000 r--s 00008000 fd:00 67158433                   /opt/oscarhost/source/oscar_15/target/oscar-14.0.0-SNAPSHOT/WEB-INF/lib/spring-webmvc-struts-2.5.6.SEC03.jar
7f0b08f27000-7f0b08f2b000 r--s 00030000 fd:00 67158432                   /opt/oscarhost/source/oscar_15/target/oscar-14.0.0-SNAPSHOT/WEB-INF/lib/struts-el-1.2.7.jar
7f0b08f2b000-7f0b08f2d000 r--s 00014000 fd:00 67158431                   /opt/oscarhost/source/oscar_15/target/oscar-14.0.0-SNAPSHOT/WEB-INF/lib/struts-menu-UNKNOWN.jar
7f0b08f2d000-7f0b08f32000 r--s 00053000 fd:00 67158430                   /opt/oscarhost/source/oscar_15/target/oscar-14.0.0-SNAPSHOT/WEB-INF/lib/antlr-2.7.2.jar
7f0b08f32000-7f0b08f34000 r--s 0000e000 fd:00 67158429                   /opt/oscarhost/source/oscar_15/target/oscar-14.0.0-SNAPSHOT/WEB-INF/lib/oro-2.0.8.jar
7f0b08f34000-7f0b08f36000 r--s 00012000 fd:00 67158428                   /opt/oscarhost/source/oscar_15/target/oscar-14.0.0-SNAPSHOT/WEB-INF/lib/commons-chain-1.0.jar
7f0b08f36000-7f0b08f3f000 r--s 0007c000 fd:00 67158427                   /opt/oscarhost/source/oscar_15/target/oscar-14.0.0-SNAPSHOT/WEB-INF/lib/struts-1.2.7.jar
7f0b08f3f000-7f0b08f69000 r--s 001e9000 fd:00 67158426                   /opt/oscarhost/source/oscar_15/target/oscar-14.0.0-SNAPSHOT/WEB-INF/lib/guava-15.0-rc1.jar
7f0b08f69000-7f0b08f70000 r--s 00164000 fd:00 67158425                   /opt/oscarhost/source/oscar_15/target/oscar-14.0.0-SNAPSHOT/WEB-INF/lib/fontbox-2.0.7.jar
7f0b08f70000-7f0b08f86000 r--s 00246000 fd:00 67158424                   /opt/oscarhost/source/oscar_15/target/oscar-14.0.0-SNAPSHOT/WEB-INF/lib/pdfbox-2.0.7.jar
7f0b08f86000-7f0b08f8b000 r--s 00096000 fd:00 52421768                   /usr/java/jdk1.8.0_92/jre/lib/jsse.jar
7f0b08f8b000-7f0b08fa5000 r--s 0028c000 fd:00 67158423                   /opt/oscarhost/source/oscar_15/target/oscar-14.0.0-SNAPSHOT/WEB-INF/lib/jpedal-lgpl.jar
7f0b08fa5000-7f0b08fab000 r--s 00049000 fd:00 67158422                   /opt/oscarhost/source/oscar_15/target/oscar-14.0.0-SNAPSHOT/WEB-INF/lib/cglib-nodep-2.2.jar
7f0b08fab000-7f0b08fb1000 r--s 0006d000 fd:00 67158421                   /opt/oscarhost/source/oscar_15/target/oscar-14.0.0-SNAPSHOT/WEB-INF/lib/javassist-3.4.GA.jar
7f0b08fb1000-7f0b08fb2000 r--s 00003000 fd:00 67158420                   /opt/oscarhost/source/oscar_15/target/oscar-14.0.0-SNAPSHOT/WEB-INF/lib/jta-1.1.jar
7f0b08fb2000-7f0b08fb7000 r--s 00048000 fd:00 67158419                   /opt/oscarhost/source/oscar_15/target/oscar-14.0.0-SNAPSHOT/WEB-INF/lib/dom4j-1.6.1.jar
7f0b08fb7000-7f0b08fd9000 r--s 00208000 fd:00 67158418                   /opt/oscarhost/source/oscar_15/target/oscar-14.0.0-SNAPSHOT/WEB-INF/lib/hibernate-core-3.3.0.SP1.jar
7f0b08fd9000-7f0b08fde000 r--s 00040000 fd:00 67158417                   /opt/oscarhost/source/oscar_15/target/oscar-14.0.0-SNAPSHOT/WEB-INF/lib/hibernate-annotations-3.4.0.GA.jar
7f0b08fde000-7f0b08fe1000 r--s 0000e000 fd:00 67158416                   /opt/oscarhost/source/oscar_15/target/oscar-14.0.0-SNAPSHOT/WEB-INF/lib/hibernate-commons-annotations-3.1.0.GA.jar
7f0b08fe1000-7f0b08fe4000 r--s 0000a000 fd:00 67158415                   /opt/oscarhost/source/oscar_15/target/oscar-14.0.0-SNAPSHOT/WEB-INF/lib/ejb3-persistence-1.0.2.GA.jar
7f0b08fe4000-7f0b08fe7000 r--s 0001b000 fd:00 67158414                   /opt/oscarhost/source/oscar_15/target/oscar-14.0.0-SNAPSHOT/WEB-INF/lib/hibernate-entitymanager-3.4.0.GA.jar
7f0b08fe7000-7f0b08ff1000 r--s 000e8000 fd:00 67158413                   /opt/oscarhost/source/oscar_15/target/oscar-14.0.0-SNAPSHOT/WEB-INF/lib/mysql-connector-java-5.1.39.jar
7f0b08ff1000-7f0b08ff4000 r--s 00015000 fd:00 67158412                   /opt/oscarhost/source/oscar_15/target/oscar-14.0.0-SNAPSHOT/WEB-INF/lib/commons-pool-1.5.4.jar
7f0b08ff4000-7f0b08ff7000 r--s 00025000 fd:00 67158411                   /opt/oscarhost/source/oscar_15/target/oscar-14.0.0-SNAPSHOT/WEB-INF/lib/commons-dbcp-1.4.jar
7f0b08ff7000-7f0b08ffa000 r--s 00017000 fd:00 67158410                   /opt/oscarhost/source/oscar_15/target/oscar-14.0.0-SNAPSHOT/WEB-INF/lib/spring-mock-2.0.8.jar
7f0b08ffa000-7f0b09015000 r--s 001b7000 fd:00 67158409                   /opt/oscarhost/source/oscar_15/target/oscar-14.0.0-SNAPSHOT/WEB-INF/lib/aspectjweaver-1.6.0.jar
7f0b09015000-7f0b0901a000 r--s 00018000 fd:00 67158408                   /opt/oscarhost/source/oscar_15/target/oscar-14.0.0-SNAPSHOT/WEB-INF/lib/aspectjrt-1.6.0.jar
7f0b0901a000-7f0b0901c000 r--s 00004000 fd:00 67158407                   /opt/oscarhost/source/oscar_15/target/oscar-14.0.0-SNAPSHOT/WEB-INF/lib/spring-aspects-2.5.5.jar
7f0b0901c000-7f0b0901f000 r--s 00011000 fd:00 67158406                   /opt/oscarhost/source/oscar_15/target/oscar-14.0.0-SNAPSHOT/WEB-INF/lib/spring-retry-1.0.2.RELEASE.jar
7f0b0901f000-7f0b0902e000 r--s 00094000 fd:00 67158405                   /opt/oscarhost/source/oscar_15/target/oscar-14.0.0-SNAPSHOT/WEB-INF/lib/spring-integration-core-2.2.5.RELEASE.jar
7f0b0902e000-7f0b0902f000 r--s 00003000 fd:00 67158404                   /opt/oscarhost/source/oscar_15/target/oscar-14.0.0-SNAPSHOT/WEB-INF/lib/spring-integration-stream-2.2.5.RELEASE.jar
7f0b0902f000-7f0b09031000 r--s 00006000 fd:00 67158403                   /opt/oscarhost/source/oscar_15/target/oscar-14.0.0-SNAPSHOT/WEB-INF/lib/spring-integration-sftp-2.2.5.RELEASE.jar
7f0b09031000-7f0b09035000 r--s 00013000 fd:00 67158402                   /opt/oscarhost/source/oscar_15/target/oscar-14.0.0-SNAPSHOT/WEB-INF/lib/spring-integration-file-2.1.0.RELEASE.jar
7f0b09035000-7f0b0903a000 r--s 0003d000 fd:00 67158401                   /opt/oscarhost/source/oscar_15/target/oscar-14.0.0-SNAPSHOT/WEB-INF/lib/commons-net-3.0.1.jar
7f0b0903a000-7f0b0903d000 r--s 00016000 fd:00 67158400                   /opt/oscarhost/source/oscar_15/target/oscar-14.0.0-SNAPSHOT/WEB-INF/lib/spring-context-support-3.0.7.RELEASE.jar
7f0b0903d000-7f0b0903f000 r--s 00005000 fd:00 67140927                   /opt/oscarhost/source/oscar_15/target/oscar-14.0.0-SNAPSHOT/WEB-INF/lib/spring-integration-ftp-2.1.0.RELEASE.jar
7f0b0903f000-7f0b09043000 r--s 0002c000 fd:00 67140926                   /opt/oscarhost/source/oscar_15/target/oscar-14.0.0-SNAPSHOT/WEB-INF/lib/spring-expression-3.2.1.RELEASE.jar
7f0b09043000-7f0b09050000 r--s 00090000 fd:00 67140925                   /opt/oscarhost/source/oscar_15/target/oscar-14.0.0-SNAPSHOT/WEB-INF/lib/spring-webmvc-3.2.1.RELEASE.jar
7f0b09050000-7f0b0905a000 r--s 00059000 fd:00 67140924                   /opt/oscarhost/source/oscar_15/target/oscar-14.0.0-SNAPSHOT/WEB-INF/lib/spring-jdbc-3.1.0.RELEASE.jar
7f0b0905a000-7f0b09063000 r--s 00054000 fd:00 67140923                   /opt/oscarhost/source/oscar_15/target/oscar-14.0.0-SNAPSHOT/WEB-INF/lib/spring-orm-3.1.0.RELEASE.jar
7f0b09063000-7f0b09078000 r--s 000b6000 fd:00 67140922                   /opt/oscarhost/source/oscar_15/target/oscar-14.0.0-SNAPSHOT/WEB-INF/lib/spring-context-3.1.0.RELEASE.jar
7f0b09078000-7f0b09084000 r--s 00084000 fd:00 67140921                   /opt/oscarhost/source/oscar_15/target/oscar-14.0.0-SNAPSHOT/WEB-INF/lib/spring-beans-3.1.0.RELEASE.jar
7f0b09084000-7f0b0908c000 r--s 00049000 fd:00 67140920                   /opt/oscarhost/source/oscar_15/target/oscar-14.0.0-SNAPSHOT/WEB-INF/lib/spring-aop-3.1.0.RELEASE.jar
7f0b0908c000-7f0b0908e000 r--s 00000000 fd:00 67140919                   /opt/oscarhost/source/oscar_15/target/oscar-14.0.0-SNAPSHOT/WEB-INF/lib/aopalliance-1.0.jar
7f0b0908e000-7f0b09096000 r--s 00035000 fd:00 67140918                   /opt/oscarhost/source/oscar_15/target/oscar-14.0.0-SNAPSHOT/WEB-INF/lib/spring-tx-3.1.0.RELEASE.jar
7f0b09096000-7f0b09097000 r--s 0000c000 fd:00 67140917                   /opt/oscarhost/source/oscar_15/target/oscar-14.0.0-SNAPSHOT/WEB-INF/lib/spring-asm-3.1.0.RELEASE.jar
7f0b09097000-7f0b090a2000 r--s 00062000 fd:00 67140916                   /opt/oscarhost/source/oscar_15/target/oscar-14.0.0-SNAPSHOT/WEB-INF/lib/spring-core-3.1.0.RELEASE.jar
7f0b090a2000-7f0b090b6000 r--s 00153000 fd:00 67140915                   /opt/oscarhost/source/oscar_15/target/oscar-14.0.0-SNAPSHOT/WEB-INF/lib/hapi-structures-v231-1.0.1.jar
7f0b090b6000-7f0b090bc000 r--s 00074000 fd:00 67140914                   /opt/oscarhost/source/oscar_15/target/oscar-14.0.0-SNAPSHOT/WEB-INF/lib/hapi-structures-v22-1.0.1.jar
7f0b090bc000-7f0b090db000 r--s 001f9000 fd:00 67140913                   /opt/oscarhost/source/oscar_15/target/oscar-14.0.0-SNAPSHOT/WEB-INF/lib/hapi-structures-v23-1.0.1.jar
7f0b090db000-7f0b090f6000 r--s 001f2000 fd:00 67140912                   /opt/oscarhost/source/oscar_15/target/oscar-14.0.0-SNAPSHOT/WEB-INF/lib/hapi-structures-v25-1.0.1.jar
7f0b090f6000-7f0b09113000 r--s 00227000 fd:00 67140911                   /opt/oscarhost/source/oscar_15/target/oscar-14.0.0-SNAPSHOT/WEB-INF/lib/hapi-structures-v26-1.0.1.jar
7f0b09113000-7f0b09131000 r--s 0027d000 fd:00 67140910                   /opt/oscarhost/source/oscar_15/target/oscar-14.0.0-SNAPSHOT/WEB-INF/lib/xalan-2.7.0.jar
7f0b09131000-7f0b09134000 r--s 00023000 fd:00 67140909                   /opt/oscarhost/source/oscar_15/target/oscar-14.0.0-SNAPSHOT/WEB-INF/lib/jdom-1.1.jar
7f0b09134000-7f0b09136000 r--s 00006000 fd:00 67140908                   /opt/oscarhost/source/oscar_15/target/oscar-14.0.0-SNAPSHOT/WEB-INF/lib/commons-cli-1.0.jar
7f0b09136000-7f0b0913f000 r--s 0006a000 fd:00 67140907                   /opt/oscarhost/source/oscar_15/target/oscar-14.0.0-SNAPSHOT/WEB-INF/lib/hapi-base-1.0.1.jar
7f0b0913f000-7f0b09140000 r--s 0000f000 fd:00 67140906                   /opt/oscarhost/source/oscar_15/target/oscar-14.0.0-SNAPSHOT/WEB-INF/lib/json-20140107.jar
7f0b09140000-7f0b09146000 r--s 00038000 fd:00 67140905                   /opt/oscarhost/source/oscar_15/target/oscar-14.0.0-SNAPSHOT/WEB-INF/lib/concurrent-1.0.jar
7f0b09146000-7f0b0914f000 r--s 00062000 fd:00 67140904                   /opt/oscarhost/source/oscar_15/target/oscar-14.0.0-SNAPSHOT/WEB-INF/lib/jcs-1.3.jar
7f0b0914f000-7f0b0915c000 r--s 00083000 fd:00 67140903                   /opt/oscarhost/source/oscar_15/target/oscar-14.0.0-SNAPSHOT/WEB-INF/lib/commons-collections-3.2.2.jar
7f0b0915c000-7f0b0915e000 r--s 0000f000 fd:00 67140902                   /opt/oscarhost/source/oscar_15/target/oscar-14.0.0-SNAPSHOT/WEB-INF/lib/commons-fileupload-1.3.jar
7f0b0915e000-7f0b09162000 r--s 0002a000 fd:00 67140901                   /opt/oscarhost/source/oscar_15/target/oscar-14.0.0-SNAPSHOT/WEB-INF/lib/commons-io-2.4.jar
7f0b09162000-7f0b09166000 r--s 00026000 fd:00 67140900                   /opt/oscarhost/source/oscar_15/target/oscar-14.0.0-SNAPSHOT/WEB-INF/lib/commons-digester-1.6.jar
7f0b09166000-7f0b0916b000 r--s 0002a000 fd:00 67140899                   /opt/oscarhost/source/oscar_15/target/oscar-14.0.0-SNAPSHOT/WEB-INF/lib/commons-beanutils-1.7.0.jar
7f0b0916b000-7f0b0916e000 r--s 0001f000 fd:00 67140898                   /opt/oscarhost/source/oscar_15/target/oscar-14.0.0-SNAPSHOT/WEB-INF/lib/commons-validator-1.3.1.jar
7f0b0916e000-7f0b09172000 r--s 0003c000 fd:00 67140897                   /opt/oscarhost/source/oscar_15/target/oscar-14.0.0-SNAPSHOT/WEB-INF/lib/commons-lang-2.4.jar
7f0b09172000-7f0b09174000 r--s 00001000 fd:00 67140896                   /opt/oscarhost/source/oscar_15/target/oscar-14.0.0-SNAPSHOT/WEB-INF/lib/slf4j-jdk14-1.5.6.jar
7f0b09174000-7f0b09176000 r--s 00004000 fd:00 67140895                   /opt/oscarhost/source/oscar_15/target/oscar-14.0.0-SNAPSHOT/WEB-INF/lib/slf4j-api-1.5.6.jar
7f0b09176000-7f0b091ef000 r--s 010d6000 fd:00 52421765                   /usr/java/jdk1.8.0_92/lib/tools.jar
7f0b091ef000-7f0b091f0000 ---p 00000000 00:00 0 
7f0b091f0000-7f0b092f0000 rw-p 00000000 00:00 0                          [stack:6509]
7f0b092f0000-7f0b092f3000 ---p 00000000 00:00 0 
7f0b092f3000-7f0b093f1000 rw-p 00000000 00:00 0                          [stack:6508]
7f0b093f1000-7f0b093f4000 ---p 00000000 00:00 0 
7f0b093f4000-7f0b094f2000 rw-p 00000000 00:00 0                          [stack:6507]
7f0b094f2000-7f0b094f5000 ---p 00000000 00:00 0 
7f0b094f5000-7f0b095f3000 rw-p 00000000 00:00 0                          [stack:6506]
7f0b095f3000-7f0b095f6000 ---p 00000000 00:00 0 
7f0b095f6000-7f0b096f4000 rw-p 00000000 00:00 0                          [stack:6505]
7f0b096f4000-7f0b096f7000 ---p 00000000 00:00 0 
7f0b096f7000-7f0b097f5000 rw-p 00000000 00:00 0                          [stack:6504]
7f0b097f5000-7f0b097f8000 ---p 00000000 00:00 0 
7f0b097f8000-7f0b098f6000 rw-p 00000000 00:00 0                          [stack:6503]
7f0b098f6000-7f0b098f7000 ---p 00000000 00:00 0 
7f0b098f7000-7f0b099f7000 rw-p 00000000 00:00 0                          [stack:6502]
7f0b099f7000-7f0b09bd0000 r--s 03cdc000 fd:00 52366161                   /usr/java/jdk1.8.0_92/jre/lib/rt.jar
7f0b09bd0000-7f0b0a406000 rw-p 00000000 00:00 0 
7f0b0a406000-7f0b0a446000 ---p 00000000 00:00 0 
7f0b0a446000-7f0b0a4e1000 rw-p 00000000 00:00 0 
7f0b0a4e1000-7f0b0a59c000 ---p 00000000 00:00 0 
7f0b0a59c000-7f0b0a5e3000 rw-p 00000000 00:00 0 
7f0b0a5e3000-7f0b0a646000 ---p 00000000 00:00 0 
7f0b0a646000-7f0b0a6e2000 rw-p 00000000 00:00 0 
7f0b0a6e2000-7f0b0a79c000 ---p 00000000 00:00 0 
7f0b0a79c000-7f0b0a7b7000 rw-p 00000000 00:00 0 
7f0b0a7b7000-7f0b0ab5d000 ---p 00000000 00:00 0 
7f0b0ab5d000-7f0b0ab77000 r-xp 00000000 fd:00 960538                     /usr/java/jdk1.8.0_92/jre/lib/amd64/libzip.so
7f0b0ab77000-7f0b0ad77000 ---p 0001a000 fd:00 960538                     /usr/java/jdk1.8.0_92/jre/lib/amd64/libzip.so
7f0b0ad77000-7f0b0ad78000 rw-p 0001a000 fd:00 960538                     /usr/java/jdk1.8.0_92/jre/lib/amd64/libzip.so
7f0b0ad78000-7f0b0ad84000 r-xp 00000000 fd:00 200962                     /usr/lib64/libnss_files-2.17.so
7f0b0ad84000-7f0b0af83000 ---p 0000c000 fd:00 200962                     /usr/lib64/libnss_files-2.17.so
7f0b0af83000-7f0b0af84000 r--p 0000b000 fd:00 200962                     /usr/lib64/libnss_files-2.17.so
7f0b0af84000-7f0b0af85000 rw-p 0000c000 fd:00 200962                     /usr/lib64/libnss_files-2.17.so
7f0b0af85000-7f0b0af8b000 rw-p 00000000 00:00 0 
7f0b0af8b000-7f0b0afb5000 r-xp 00000000 fd:00 960502                     /usr/java/jdk1.8.0_92/jre/lib/amd64/libjava.so
7f0b0afb5000-7f0b0b1b5000 ---p 0002a000 fd:00 960502                     /usr/java/jdk1.8.0_92/jre/lib/amd64/libjava.so
7f0b0b1b5000-7f0b0b1b7000 rw-p 0002a000 fd:00 960502                     /usr/java/jdk1.8.0_92/jre/lib/amd64/libjava.so
7f0b0b1b7000-7f0b0b1c4000 r-xp 00000000 fd:00 960537                     /usr/java/jdk1.8.0_92/jre/lib/amd64/libverify.so
7f0b0b1c4000-7f0b0b3c4000 ---p 0000d000 fd:00 960537                     /usr/java/jdk1.8.0_92/jre/lib/amd64/libverify.so
7f0b0b3c4000-7f0b0b3c6000 rw-p 0000d000 fd:00 960537                     /usr/java/jdk1.8.0_92/jre/lib/amd64/libverify.so
7f0b0b3c6000-7f0b0b3cd000 r-xp 00000000 fd:00 200974                     /usr/lib64/librt-2.17.so
7f0b0b3cd000-7f0b0b5cc000 ---p 00007000 fd:00 200974                     /usr/lib64/librt-2.17.so
7f0b0b5cc000-7f0b0b5cd000 r--p 00006000 fd:00 200974                     /usr/lib64/librt-2.17.so
7f0b0b5cd000-7f0b0b5ce000 rw-p 00007000 fd:00 200974                     /usr/lib64/librt-2.17.so
7f0b0b5ce000-7f0b0b6cf000 r-xp 00000000 fd:00 200952                     /usr/lib64/libm-2.17.so
7f0b0b6cf000-7f0b0b8ce000 ---p 00101000 fd:00 200952                     /usr/lib64/libm-2.17.so
7f0b0b8ce000-7f0b0b8cf000 r--p 00100000 fd:00 200952                     /usr/lib64/libm-2.17.so
7f0b0b8cf000-7f0b0b8d0000 rw-p 00101000 fd:00 200952                     /usr/lib64/libm-2.17.so
7f0b0b8d0000-7f0b0c593000 r-xp 00000000 fd:00 34103903                   /usr/java/jdk1.8.0_92/jre/lib/amd64/server/libjvm.so
7f0b0c593000-7f0b0c792000 ---p 00cc3000 fd:00 34103903                   /usr/java/jdk1.8.0_92/jre/lib/amd64/server/libjvm.so
7f0b0c792000-7f0b0c86b000 rw-p 00cc2000 fd:00 34103903                   /usr/java/jdk1.8.0_92/jre/lib/amd64/server/libjvm.so
7f0b0c86b000-7f0b0c8b6000 rw-p 00000000 00:00 0 
7f0b0c8b6000-7f0b0ca6e000 r-xp 00000000 fd:00 200944                     /usr/lib64/libc-2.17.so
7f0b0ca6e000-7f0b0cc6e000 ---p 001b8000 fd:00 200944                     /usr/lib64/libc-2.17.so
7f0b0cc6e000-7f0b0cc72000 r--p 001b8000 fd:00 200944                     /usr/lib64/libc-2.17.so
7f0b0cc72000-7f0b0cc74000 rw-p 001bc000 fd:00 200944                     /usr/lib64/libc-2.17.so
7f0b0cc74000-7f0b0cc79000 rw-p 00000000 00:00 0 
7f0b0cc79000-7f0b0cc7b000 r-xp 00000000 fd:00 200950                     /usr/lib64/libdl-2.17.so
7f0b0cc7b000-7f0b0ce7b000 ---p 00002000 fd:00 200950                     /usr/lib64/libdl-2.17.so
7f0b0ce7b000-7f0b0ce7c000 r--p 00002000 fd:00 200950                     /usr/lib64/libdl-2.17.so
7f0b0ce7c000-7f0b0ce7d000 rw-p 00003000 fd:00 200950                     /usr/lib64/libdl-2.17.so
7f0b0ce7d000-7f0b0ce92000 r-xp 00000000 fd:00 17351944                   /usr/java/jdk1.8.0_92/lib/amd64/jli/libjli.so
7f0b0ce92000-7f0b0d092000 ---p 00015000 fd:00 17351944                   /usr/java/jdk1.8.0_92/lib/amd64/jli/libjli.so
7f0b0d092000-7f0b0d093000 rw-p 00015000 fd:00 17351944                   /usr/java/jdk1.8.0_92/lib/amd64/jli/libjli.so
7f0b0d093000-7f0b0d0aa000 r-xp 00000000 fd:00 200970                     /usr/lib64/libpthread-2.17.so
7f0b0d0aa000-7f0b0d2a9000 ---p 00017000 fd:00 200970                     /usr/lib64/libpthread-2.17.so
7f0b0d2a9000-7f0b0d2aa000 r--p 00016000 fd:00 200970                     /usr/lib64/libpthread-2.17.so
7f0b0d2aa000-7f0b0d2ab000 rw-p 00017000 fd:00 200970                     /usr/lib64/libpthread-2.17.so
7f0b0d2ab000-7f0b0d2af000 rw-p 00000000 00:00 0 
7f0b0d2af000-7f0b0d2d0000 r-xp 00000000 fd:00 200937                     /usr/lib64/ld-2.17.so
7f0b0d2d0000-7f0b0d2d9000 r--s 0006f000 fd:00 67140894                   /opt/oscarhost/source/oscar_15/target/oscar-14.0.0-SNAPSHOT/WEB-INF/lib/log4j-1.2.17.jar
7f0b0d2d9000-7f0b0d2db000 r--s 0000d000 fd:00 67140893                   /opt/oscarhost/source/oscar_15/target/oscar-14.0.0-SNAPSHOT/WEB-INF/lib/commons-logging-1.1.1.jar
7f0b0d2db000-7f0b0d2e0000 r--s 000bc000 fd:00 67140892                   /opt/oscarhost/source/oscar_15/target/oscar-14.0.0-SNAPSHOT/WEB-INF/lib/jrobin-1.5.9.jar
7f0b0d2e0000-7f0b0d2ee000 r--s 00100000 fd:00 67140891                   /opt/oscarhost/source/oscar_15/target/oscar-14.0.0-SNAPSHOT/WEB-INF/lib/javamelody-core-1.53.0.jar
7f0b0d2ee000-7f0b0d3c0000 rw-p 00000000 00:00 0 
7f0b0d3c0000-7f0b0d3c3000 ---p 00000000 00:00 0 
7f0b0d3c3000-7f0b0d4c5000 rw-p 00000000 00:00 0                          [stack:6501]
7f0b0d4c5000-7f0b0d4cd000 rw-s 00000000 fd:00 421845832                  /tmp/hsperfdata_oscarhost/6497
7f0b0d4cd000-7f0b0d4ce000 rw-p 00000000 00:00 0 
7f0b0d4ce000-7f0b0d4cf000 ---p 00000000 00:00 0 
7f0b0d4cf000-7f0b0d4d0000 rw-p 00000000 00:00 0 
7f0b0d4d0000-7f0b0d4d1000 r--p 00021000 fd:00 200937                     /usr/lib64/ld-2.17.so
7f0b0d4d1000-7f0b0d4d2000 rw-p 00022000 fd:00 200937                     /usr/lib64/ld-2.17.so
7f0b0d4d2000-7f0b0d4d3000 rw-p 00000000 00:00 0 
7ffd7314b000-7ffd7316c000 rw-p 00000000 00:00 0                          [stack]
7ffd73186000-7ffd73188000 r-xp 00000000 00:00 0                          [vdso]
ffffffffff600000-ffffffffff601000 r-xp 00000000 00:00 0                  [vsyscall]

VM Arguments:
jvm_args: -Dapplication.home=/usr/java/jdk1.8.0_92 -Xms8m -Xms128m -Xmx1024m 
java_command: com.sun.tools.javac.Main -classpath /opt/oscarhost/source/oscar_15/target/oscar-14.0.0-SNAPSHOT/WEB-INF/classes:/opt/oscarhost/source/oscar_15/target/oscar-14.0.0-SNAPSHOT/WEB-INF/lib/javamelody-core-1.53.0.jar:/opt/oscarhost/source/oscar_15/target/oscar-14.0.0-SNAPSHOT/WEB-INF/lib/jrobin-1.5.9.jar:/opt/oscarhost/source/oscar_15/target/oscar-14.0.0-SNAPSHOT/WEB-INF/lib/commons-logging-1.1.1.jar:/opt/oscarhost/source/oscar_15/target/oscar-14.0.0-SNAPSHOT/WEB-INF/lib/log4j-1.2.17.jar:/opt/oscarhost/source/oscar_15/target/oscar-14.0.0-SNAPSHOT/WEB-INF/lib/slf4j-api-1.5.6.jar:/opt/oscarhost/source/oscar_15/target/oscar-14.0.0-SNAPSHOT/WEB-INF/lib/slf4j-jdk14-1.5.6.jar:/opt/oscarhost/source/oscar_15/target/oscar-14.0.0-SNAPSHOT/WEB-INF/lib/commons-lang-2.4.jar:/opt/oscarhost/source/oscar_15/target/oscar-14.0.0-SNAPSHOT/WEB-INF/lib/commons-validator-1.3.1.jar:/opt/oscarhost/source/oscar_15/target/oscar-14.0.0-SNAPSHOT/WEB-INF/lib/commons-beanutils-1.7.0.jar:/opt/oscarhost/source/oscar_15/target/oscar-14.0.0-SNAPSHOT/WEB-INF/lib/commons-digester-1.6.jar:/opt/oscarhost/source/oscar_15/target/oscar-14.0.0-SNAPSHOT/WEB-INF/lib/commons-io-2.4.jar:/opt/oscarhost/source/oscar_15/target/oscar-14.0.0-SNAPSHOT/WEB-INF/lib/commons-fileupload-1.3.jar:/opt/oscarhost/source/oscar_15/target/oscar-14.0.0-SNAPSHOT/WEB-INF/lib/commons-collections-3.2.2.jar:/opt/oscarhost/source/oscar_15/target/oscar-14.0.0-SNAPSHOT/WEB-INF/lib/jcs-1.3.jar:/opt/oscarhost/source/oscar_15/target/oscar-14.0.0-SNAPSHOT/WEB-INF/lib/concurrent-1.0.jar:/opt/oscarhost/source/oscar_15/target/oscar-14.0.0-SNAPSHOT/WEB-INF/lib/json-20140107.jar:/opt/oscarhost/source/oscar_15/target/oscar-14.0.0-SNAPSHOT/WEB-INF/lib/hapi-base-1.0.1.jar:/opt/oscarhost/source/oscar_15/target/oscar-14.0.0-SNAPSHOT/WEB-INF/lib/commons-cli-1.0.jar:/opt/oscarhost/source/oscar_15/target/oscar-14.0.0-SNAPSHOT/WEB-INF/lib/jdom-1.1.jar:/opt/oscarhost/source/oscar_15/target/oscar-14.0.0-SNAPSHOT/WEB-INF/lib/xalan-2.7.0.jar:/opt/os
java_class_path (initial): /usr/java/jdk1.8.0_92/lib/tools.jar:/usr/java/jdk1.8.0_92/classes
Launcher Type: SUN_STANDARD

Environment Variables:
JAVA_HOME=/usr/java/default
PATH=/usr/local/rvm/gems/ruby-2.1.5/bin:/usr/local/rvm/gems/ruby-2.1.5@global/bin:/usr/local/rvm/rubies/ruby-2.1.5/bin:/usr/local/bin:/usr/bin:/usr/local/sbin:/usr/sbin:/usr/local/rvm/bin:/opt/oscarhost/bin:/opt/oscarhost/sysadmin_tools/oscar/billing:/opt/oscarhost/sysadmin_tools/tools:/opt/oscarhost/sysadmin_tools/cron_scripts
SHELL=/bin/bash

Signal Handlers:
SIGSEGV: [libjvm.so+0xabdee0], sa_mask[0]=11111111011111111101111111111110, sa_flags=SA_RESTART|SA_SIGINFO
SIGBUS: [libjvm.so+0xabdee0], sa_mask[0]=11111111011111111101111111111110, sa_flags=SA_RESTART|SA_SIGINFO
SIGFPE: [libjvm.so+0x91a580], sa_mask[0]=11111111011111111101111111111110, sa_flags=SA_RESTART|SA_SIGINFO
SIGPIPE: [libjvm.so+0x91a580], sa_mask[0]=11111111011111111101111111111110, sa_flags=SA_RESTART|SA_SIGINFO
SIGXFSZ: [libjvm.so+0x91a580], sa_mask[0]=11111111011111111101111111111110, sa_flags=SA_RESTART|SA_SIGINFO
SIGILL: [libjvm.so+0x91a580], sa_mask[0]=11111111011111111101111111111110, sa_flags=SA_RESTART|SA_SIGINFO
SIGUSR1: SIG_DFL, sa_mask[0]=00000000000000000000000000000000, sa_flags=none
SIGUSR2: [libjvm.so+0x91bbb0], sa_mask[0]=00100000000000000000000000000000, sa_flags=SA_RESTART|SA_SIGINFO
SIGHUP: [libjvm.so+0x91cfb0], sa_mask[0]=11111111011111111101111111111110, sa_flags=SA_RESTART|SA_SIGINFO
SIGINT: [libjvm.so+0x91cfb0], sa_mask[0]=11111111011111111101111111111110, sa_flags=SA_RESTART|SA_SIGINFO
SIGTERM: [libjvm.so+0x91cfb0], sa_mask[0]=11111111011111111101111111111110, sa_flags=SA_RESTART|SA_SIGINFO
SIGQUIT: [libjvm.so+0x91cfb0], sa_mask[0]=11111111011111111101111111111110, sa_flags=SA_RESTART|SA_SIGINFO


---------------  S Y S T E M  ---------------

OS:CentOS Linux release 7.4.1708 (Core) 

uname:Linux 3.10.0-693.el7.x86_64 #1 SMP Tue Aug 22 21:09:27 UTC 2017 x86_64
libc:glibc 2.17 NPTL 2.17 
rlimit: STACK 8192k, CORE 0k, NPROC 4096, NOFILE 4096, AS infinity
load average:4.25 2.06 0.86

/proc/meminfo:
MemTotal:        1883468 kB
MemFree:           52520 kB
MemAvailable:      14360 kB
Buffers:               0 kB
Cached:            33372 kB
SwapCached:        21304 kB
Active:          1249580 kB
Inactive:         438280 kB
Active(anon):    1239448 kB
Inactive(anon):   415896 kB
Active(file):      10132 kB
Inactive(file):    22384 kB
Unevictable:           0 kB
Mlocked:               0 kB
SwapTotal:       2097148 kB
SwapFree:            116 kB
Dirty:                92 kB
Writeback:             0 kB
AnonPages:       1634364 kB
Mapped:             4688 kB
Shmem:               832 kB
Slab:              90584 kB
SReclaimable:      40888 kB
SUnreclaim:        49696 kB
KernelStack:        4496 kB
PageTables:        21084 kB
NFS_Unstable:          0 kB
Bounce:                0 kB
WritebackTmp:          0 kB
CommitLimit:     3038880 kB
Committed_AS:    6155812 kB
VmallocTotal:   34359738367 kB
VmallocUsed:        7628 kB
VmallocChunk:   34359728128 kB
HardwareCorrupted:     0 kB
AnonHugePages:      6144 kB
HugePages_Total:       0
HugePages_Free:        0
HugePages_Rsvd:        0
HugePages_Surp:        0
Hugepagesize:       2048 kB
DirectMap4k:       51044 kB
DirectMap2M:     2045952 kB


CPU:total 1 (1 cores per cpu, 1 threads per core) family 6 model 60 stepping 1, cmov, cx8, fxsr, mmx, sse, sse2, sse3, ssse3, sse4.1, sse4.2, popcnt, avx, avx2, aes, clmul, erms, lzcnt, tsc, bmi1, bmi2

/proc/cpuinfo:
processor	: 0
vendor_id	: GenuineIntel
cpu family	: 6
model		: 60
model name	: Intel Core Processor (Haswell, no TSX)
stepping	: 1
microcode	: 0x1
cpu MHz		: 3192.606
cache size	: 16384 KB
physical id	: 0
siblings	: 1
core id		: 0
cpu cores	: 1
apicid		: 0
initial apicid	: 0
fpu		: yes
fpu_exception	: yes
cpuid level	: 13
wp		: yes
flags		: fpu vme de pse tsc msr pae mce cx8 apic sep mtrr pge mca cmov pat pse36 clflush mmx fxsr sse sse2 syscall nx rdtscp lm constant_tsc rep_good nopl xtopology eagerfpu pni pclmulqdq ssse3 fma cx16 pcid sse4_1 sse4_2 x2apic movbe popcnt tsc_deadline_timer aes xsave avx f16c rdrand hypervisor lahf_lm abm fsgsbase bmi1 avx2 smep bmi2 erms invpcid xsaveopt arat
bogomips	: 6385.21
clflush size	: 64
cache_alignment	: 64
address sizes	: 40 bits physical, 48 bits virtual
power management:



Memory: 4k page, physical 1883468k(52396k free), swap 2097148k(116k free)

vm_info: Java HotSpot(TM) 64-Bit Server VM (25.92-b14) for linux-amd64 JRE (1.8.0_92-b14), built on Mar 31 2016 21:08:29 by "java_re" with gcc 4.3.0 20080428 (Red Hat 4.3.0-8)

time: Wed Dec 20 15:29:39 2017
elapsed time: 10 seconds (0d 0h 0m 10s)

